#  ==========================================================================
#
#                                   FAN ATPG
#
#                Copyright(c) Laboratory of Dependable Systems,
#                Graduate Institute of Electronics Engineering,
#                          National Taiwan University
#                             All Rights Reserved.
#
#  ==========================================================================
#
#  Kernel:   Darwin
#  Platform: UNKNOWN
#  Memory:   UNKNOWN
#
/c6288.script 1> read_lib FTL/04_Phase4_ATPG/lib/mod_nangate45_plus_ftl_dirL_subset.mdt
#  Reading technology library ...
fishy ...
#  Finished reading library `FTL/04_Phase4_ATPG/lib/mod_nangate45_plus_ftl_dirL_subset.mdt'    1.77602e+09 s    0 MB
/c6288.script 2> read_netlist FTL/04_Phase4_ATPG/netlists/dirL9/c6288_mixed_SYN.v
#  Reading netlist ...
#  Finished reading netlist `FTL/04_Phase4_ATPG/netlists/dirL9/c6288_mixed_SYN.v'    1.77602e+09 s    0 MB
/c6288.script 3> report_netlist
#  netlist information
#    number of modules: 1
#    modules:           c6288_mixed
#    current module:    c6288_mixed
#    number of ports:   64
#    number of cells:   634
#    number of nets:    875
/c6288.script 4> build_circuit --frame 1
#  Building circuit ...
#  Finished building circuit    1.77602e+09 s    0 MB
/c6288.script 5> report_circuit
#  circuit information
#    netlist:         c6288_mixed
#    number of PIs:   32
#    number of PPIs:  0
#    number of POs:   32
#    number of combs: 1935
#    number of gates: 1999
#    number of nets:  2621
/c6288.script 6> set_fault_type saf
#  fault type set to stuck-at fault
/c6288.script 7> add_fault --all
#  Building fault list ...
#  Finished building fault list    1.77602e+09 s    0 MB
/c6288.script 8> set_static_compression on
#  static compression set to on
/c6288.script 9> set_dynamic_compression on
#  dynamic compression set to on
/c6288.script 10> set_X-Fill on
#  X-Fill set to on
/c6288.script 11> run_atpg
#  Performing pattern generation ...
#  Finished pattern generation    1.77602e+09 s    0 MB
/c6288.script 12> report_statistics > FTL/04_Phase4_ATPG/results/dirL9/c6288/c6288.rpt
/c6288.script 13> write_pattern FTL/04_Phase4_ATPG/results/dirL9/c6288/c6288.pat
#  Writing pattern to `FTL/04_Phase4_ATPG/results/dirL9/c6288/c6288.pat' ...
/c6288.script 14> write_to_STIL FTL/04_Phase4_ATPG/results/dirL9/c6288/c6288.stil
#  Writing pattern to STIL...
==========
PI_ORDER CK test_si test_se G1gat G18gat G35gat G52gat G69gat G86gat G103gat G120gat G137gat G154gat G171gat G188gat G205gat G222gat G239gat G256gat G273gat G290gat G307gat G324gat G341gat G358gat G375gat G392gat G409gat G426gat G443gat G460gat G477gat G494gat G511gat G528gat 
SCAN_ORDER 
PO_ORDER test_so G545gat G1581gat G1901gat G2223gat G2548gat G2877gat G3211gat G3552gat G3895gat G4241gat G4591gat G4946gat G5308gat G5672gat G5971gat G6123gat G6150gat G6160gat G6170gat G6180gat G6190gat G6200gat G6210gat G6220gat G6230gat G6240gat G6250gat G6260gat G6270gat G6280gat G6287gat G6288gat 
BASIC_SCAN 76

pattern_1
pPI1 01101110110000110011010110101111
pPO1 LLLHLLHLHLLLLLHLHHLLHLLHHHLHHHHL

pattern_2
pPI1 01101111110011000111001010110110
pPO1 LLHLHHHHLHLLHLLHHHHHLHLLLHHLHLLL

pattern_3
pPI1 01101111111000010111000110110110
pPO1 LLHLHHHLLLLHLHLLHHHHLHLLLHLHHHLL

pattern_4
pPI1 11110101010100111110111111111110
pPO1 HLLHHLHHHHHHHLHLLLLLHLHLHLHLLHLH

pattern_5
pPI1 11111000111011110100111011111110
pPO1 LHHHLLHHLLHHLHHLLHHLLLLLHHLHHHLH

pattern_6
pPI1 11101000011011101100111101111011
pPO1 HLHLHLHHHLLHLLLLLLLHHLHHLHHLLHLH

pattern_7
pPI1 00111111011011010001011111101111
pPO1 LLLLLHHLLLLHHHHHLHLLHHLLHLLLHHHL

pattern_8
pPI1 11111001001101111101111100110111
pPO1 HLHLLHHHHHLLHLLHLHLHLLLLHHLHHLHH

pattern_9
pPI1 11111000011001101111110000000011
pPO1 HLLLLHLHHLLLLHHLLLLLHHLHLLHHLLLH

pattern_10
pPI1 11100110001101101111100000011011
pPO1 HLLHHHHLLLLHLLLLLLHLLLLHHHLHHLLH

pattern_11
pPI1 11000000011101101100000000000101
pPO1 HLLHLLLLLHLHLHLLHHLLLLHHLLHLLLLH

pattern_12
pPI1 11110111000001101111110000001101
pPO1 HLLLHLHHLHLHLHLLLLHHHHLHLHLLLLLH

pattern_13
pPI1 01101001111110110000001000111011
pPO1 LLLLLLLHHLHHLLHHLLHHHLHLLLLLLLHH

pattern_14
pPI1 01111111111110110000000010111011
pPO1 LLLLLLLLLHHLLLHLLHHHHLHLHLLLLLHH

pattern_15
pPI1 11100000111111111100000001111100
pPO1 HLHLHLLLHHHHLHLHLHHLLLHHHLHHHHLL

pattern_16
pPI1 01011100011001101111101011101010
pPO1 LHHLLLLHHLHLLHLHHHLLLHHHLHLLLHLL

pattern_17
pPI1 00011000111101101111000001010010
pPO1 LLLHLHHLLHLLHHHLHHLLLHLLLLLLLHLL

pattern_18
pPI1 01011100000001101111100011110010
pPO1 LHHLLLLLHLHHLLLHHLHHHHLHHLHHHLLL

pattern_19
pPI1 00110101101000110100001000011010
pPO1 LLLHHLHLLHHLHLLLLHHLLHLLLLHLLLLH

pattern_20
pPI1 01100000011011110011111111100100
pPO1 LLLHLHHHHHHLHLLLHLHHLHHLLHHLLHLL

pattern_21
pPI1 11000000111110111110000000110010
pPO1 HLHLHLLLHLHHHHHHLHLHHHLLLHLLLLLH

pattern_22
pPI1 00001111011111111101001011001100
pPO1 LLLLHLHLLLLLLLLHLLHLHLLLHHLLHHLL

pattern_23
pPI1 11100000111100011100111111001000
pPO1 HLHLLHLHLLLHLLHLHLHLLHLLHHLHLLLL

pattern_24
pPI1 10000000000000110101100001101010
pPO1 LHLHHLLLLHHLHLHHHHLLHLLHLLLLLLLH

pattern_25
pPI1 01111001111101111111011001000000
pPO1 LHLLLLLHHLLLLHLLHHHLLLHLLHLLLLLL

pattern_26
pPI1 11000011111111001100011110010010
pPO1 HLLHLHHHLLHLLHLLHHHLLHHLLHLLHLLL

pattern_27
pPI1 01100011111011111100010100110100
pPO1 LHLLHLLLHHLHLLHHHHLLHHLLHHLHLHLL

pattern_28
pPI1 01100110100000110110000110101010
pPO1 LLHLLHHLHLLHHLLLLLHHHLLHLLLLLLLH

pattern_29
pPI1 10000111110101111110000101001101
pPO1 HHHLLHLHHLHLHLHHLHHHHHHLLLHLLHHL

pattern_30
pPI1 00001100011110111100111100101010
pPO1 LLLLHLLHHHHLLHLHLHLHHHLHHLLHLLLH

pattern_31
pPI1 10011111101111011101111000000100
pPO1 HHLLLHLHLHHLLHHLLHLHHLLLLLLHHLLL

pattern_32
pPI1 11011111000100101100110000000100
pPO1 HLLLLLLLLHLHLHHHHLHHLHLLHLLHLLLL

pattern_33
pPI1 00110001111010011101101010001110
pPO1 LLHLLLHHLHLHLHLHLHLHHLLLHHLLLLLH

pattern_34
pPI1 00100011111001111111001010010101
pPO1 LLHHHHHLHLLHLHHHHHHLLLHLHLLHHLHL

pattern_35
pPI1 10101111010010001100110100000000
pPO1 HHHHLLHLHLLLLLHLHLHHLLLLLLLLLLLL

pattern_36
pPI1 00110011110011111101111001010100
pPO1 LLHLLLLLHHLHHLLHLLHLHHHLLLLHLHLL

pattern_37
pPI1 11011100000010111111100000001100
pPO1 HLHLLHLLHHHLLLHLLLHLLHLLHHHLLHLL

pattern_38
pPI1 11110010110111011111000100000010
pPO1 HLLLLHLLHLLLLHHLLLHHHHLLHHHHLHLL

pattern_39
pPI1 11011111000111001110101000101010
pPO1 HLHHLLHLHLLHHHLHHLHLLLHHLHLLHLLL

pattern_40
pPI1 00110111011100011111100100100010
pPO1 LLHLHLLHLLHLHHHLHHHHLLHLLHHLLHLL

pattern_41
pPI1 00100111010110111100100010101001
pPO1 LLHHLHHHLHLLHHHHLHHLHHHLHHHHHHLH

pattern_42
pPI1 01100111111110110101110111011010
pPO1 LLHHHLLLHHHHLHHLHLLHHHLLLLLLHLLH

pattern_43
pPI1 11111010110011111111000000000000
pPO1 HLLLHLLHLHLLLLHLLHHHLLLLLLLLLLLL

pattern_44
pPI1 11001000001001010110010000010000
pPO1 LHLLHLHHLHLLHHHHLLLHHHLLHLHLLLLL

pattern_45
pPI1 01001101110100111001000010001000
pPO1 LHLLLLHLHHLHHHHHHLHHLLLHHLHHLLLL

pattern_46
pPI1 00110100001001100011010000001010
pPO1 LLLLHLLHHHHLHHHHLHHHHLHLHHHHHLLL

pattern_47
pPI1 00010111010110101101010000100100
pPO1 LLLHHHHHLLHLLHHHHHHLHLHHLLHHLLLL

pattern_48
pPI1 00000100110111011001000010010011
pPO1 LLLLLHLLLLHLHHLHLHLLHHHHLHLLHLHL

pattern_49
pPI1 00000001111011111101010101010100
pPO1 LLLLLLLHLHLLHLHLLLLLLLHLHLLHLHLL

pattern_50
pPI1 00000000110111000011010101101011
pPO1 LLLLLLLLLLHLLHLHHLLHHHHLHLLLHHLL

pattern_51
pPI1 00000000010011111111001110010011
pPO1 LLLLLLLLLHHHLHLHHLHLLLHHLHHHHHHL

pattern_52
pPI1 00000101111110111011101111111110
pPO1 LLLLLHLLHLHHLHHLHLLLHHLHHHHHLHLH

pattern_53
pPI1 11110010100101011110000000000010
pPO1 HLLHLHLLHLLLLHHLLLLHHLHLLHLHLHLL

pattern_54
pPI1 11000011010000011100000001000010
pPO1 HLLHLLHLLHHHLLHHHHHLHHLHHLLLLHLL

pattern_55
pPI1 01001000111110100010101001100000
pPO1 LLLHLHHHHLHHHLLHHLLHHLHLLHLLLLLL

pattern_56
pPI1 01111100111110011110000000101110
pPO1 LHLLHHLHLHLLHHHLLLHHLHLLLLLHLLLH

pattern_57
pPI1 00111101011110111110000011101010
pPO1 LLHLLHLLHHLHHHHHHHHLHHLHHHLHLLLH

pattern_58
pPI1 00111011110100101100000010001010
pPO1 LLHLHLLHHHHHHHHLHLLLLLLLLLLHHLLL

pattern_59
pPI1 00010001011111110010100011001011
pPO1 LLLLLHLHLHLHHHHHHLHHHLHHHLLLHLHH

pattern_60
pPI1 00011000111010011100001001000001
pPO1 LLLHLLHLHHLHHHLHHLLLLHHHLLHHLLLH

pattern_61
pPI1 00001100110110111100001000010101
pPO1 LLLLHLLHHLHHHLHHLLLLHLLLLLLLHLHL

pattern_62
pPI1 00000001100111101100111001100111
pPO1 LLLLLLLHLLHLHLLHHHHHHLHLHLHHLHLH

pattern_63
pPI1 00011110111011101101101100111010
pPO1 LLLHLHLHHHLLHLHLHLHLHLHLHHLHLHLL

pattern_64
pPI1 10111111111110110111011111111111
pPO1 LHHLHHLLLLLLLLHLHLHHLHHHHHHHHLHH

pattern_65
pPI1 00000001000011111101100100100110
pPO1 LLLLLLLHHLHHHLLHHHLLLLLHLHHHHLLH

pattern_66
pPI1 00100111100000111000110010100010
pPO1 LLHLLHLHLLLLHLLHHHHLLHHLLLHLHHLL

pattern_67
pPI1 00000001011011100110100011001100
pPO1 LLLLLLLLHHHHLHLHHLHLLHLHHHHLHLLL

pattern_68
pPI1 00011001111001111111111111111101
pPO1 LLLHLHHLLLLHHLLLHLLLHHLHHLHHLHHL

pattern_69
pPI1 00001000000010000000000000010110
pPO1 LLLLLLLLLLLLLLLHLHHLLLLHLHHLLLLL

pattern_70
pPI1 11110101111111111100011111111110
pPO1 HLHHLHLLHLLHLLLHLHLHHHLHHHHHHHLH

pattern_71
pPI1 10001011011110001000010111101110
pPO1 HLLLHHHLLLLHLLLHLHHLLHHLLHHHLLLL

pattern_72
pPI1 10000110111110001000101111101110
pPO1 HLLLHHLLHLHLHHLHHHHHLHLHLHHHLLLL

pattern_73
pPI1 01011111110111111110111011101001
pPO1 LHHLHHLLHHHLHLLHHLHLHLLLHLHLHLHL

pattern_74
pPI1 00010101011011010100001011101100
pPO1 LLLLHLHLHHHHLHLLHLHHLHHLHHHLLHLL

pattern_75
pPI1 11001111101111010001001010101000
pPO1 LLLHHLHLHHLHHLHLLHLHLLHHHHHHLLLL

pattern_76
pPI1 11111111111111111010000000000000
pPO1 HHLHHHHHHHHHHHHHLLHLLLLLLLLLLLLL
==========
/c6288.script 15> exit
#  Goodbye
#  Runtime        real 1.776e+09 s        user 1.562 s        sys 0.04583 s
#  Memory         peak 0 MB
