#                 Statistics Report
#  Circuit name                         filter_mixed
#  Fault model                                   SAF
#  Pattern type                                BASIC
#  -------------------------------------------------
#  Fault classes                             #faults
#  ----------------------------  -------------------
#    FU (full)                                182480
#    FU (collapsed)                           131259
#    --------------------------  -------------------
#    UD (undetected)                               0
#    PT (possibly testable)                        0
#    AU (atpg untestable)                       3770
#    RE (redundant)                                0
#    AB (atpg abort)                              43
#    TI (tied)                                     0
#    --------------------------  -------------------
#    DT (detected)                            178667
#  -------------------------------------------------
#  Coverage                               percentage
#    --------------------------  -------------------
#    test coverage                            99.98%
#    fault coverage                           97.91%
#    atpg effectiveness                       99.98%
#  -------------------------------------------------
#  #Patterns                                     134
#  -------------------------------------------------
#  ATPG runtime                          1.776e+09 s
#  -------------------------------------------------
