#                 Statistics Report
#  Circuit name                     multiplier_mixed
#  Fault model                                   SAF
#  Pattern type                                BASIC
#  -------------------------------------------------
#  Fault classes                             #faults
#  ----------------------------  -------------------
#    FU (full)                                 70402
#    FU (collapsed)                            49183
#    --------------------------  -------------------
#    UD (undetected)                               0
#    PT (possibly testable)                        0
#    AU (atpg untestable)                       3047
#    RE (redundant)                                0
#    AB (atpg abort)                              72
#    TI (tied)                                     0
#    --------------------------  -------------------
#    DT (detected)                             67283
#  -------------------------------------------------
#  Coverage                               percentage
#    --------------------------  -------------------
#    test coverage                            99.89%
#    fault coverage                           95.57%
#    atpg effectiveness                        99.9%
#  -------------------------------------------------
#  #Patterns                                      88
#  -------------------------------------------------
#  ATPG runtime                          1.776e+09 s
#  -------------------------------------------------
