#  ==========================================================================
#
#                                   FAN ATPG
#
#                Copyright(c) Laboratory of Dependable Systems,
#                Graduate Institute of Electronics Engineering,
#                          National Taiwan University
#                             All Rights Reserved.
#
#  ==========================================================================
#
#  Kernel:   Darwin
#  Platform: UNKNOWN
#  Memory:   UNKNOWN
#
/c1908.script 1> read_lib FTL/04_Phase4_ATPG/lib/mod_nangate45_plus_ftl_dirL_subset.mdt
#  Reading technology library ...
fishy ...
#  Finished reading library `FTL/04_Phase4_ATPG/lib/mod_nangate45_plus_ftl_dirL_subset.mdt'    1.77603e+09 s    0 MB
/c1908.script 2> read_netlist FTL/04_Phase4_ATPG/netlists/dirL11/c1908_mixed_SYN.v
#  Reading netlist ...
#  Finished reading netlist `FTL/04_Phase4_ATPG/netlists/dirL11/c1908_mixed_SYN.v'    1.77603e+09 s    0 MB
/c1908.script 3> report_netlist
#  netlist information
#    number of modules: 1
#    modules:           c1908_mixed
#    current module:    c1908_mixed
#    number of ports:   58
#    number of cells:   187
#    number of nets:    220
/c1908.script 4> build_circuit --frame 1
#  Building circuit ...
#  Finished building circuit    1.77603e+09 s    0 MB
/c1908.script 5> report_circuit
#  circuit information
#    netlist:         c1908_mixed
#    number of PIs:   33
#    number of PPIs:  0
#    number of POs:   25
#    number of combs: 273
#    number of gates: 331
#    number of nets:  526
/c1908.script 6> set_fault_type saf
#  fault type set to stuck-at fault
/c1908.script 7> add_fault --all
#  Building fault list ...
#  Finished building fault list    1.77603e+09 s    0 MB
/c1908.script 8> set_static_compression on
#  static compression set to on
/c1908.script 9> set_dynamic_compression on
#  dynamic compression set to on
/c1908.script 10> set_X-Fill on
#  X-Fill set to on
/c1908.script 11> run_atpg
#  Performing pattern generation ...
#  Finished pattern generation    1.77603e+09 s    0 MB
/c1908.script 12> report_statistics > FTL/04_Phase4_ATPG/results/dirL11/c1908/c1908.rpt
/c1908.script 13> write_pattern FTL/04_Phase4_ATPG/results/dirL11/c1908/c1908.pat
#  Writing pattern to `FTL/04_Phase4_ATPG/results/dirL11/c1908/c1908.pat' ...
/c1908.script 14> write_to_STIL FTL/04_Phase4_ATPG/results/dirL11/c1908/c1908.stil
#  Writing pattern to STIL...
==========
PI_ORDER CK test_si test_se G101 G104 G107 G110 G113 G116 G119 G122 G125 G128 G131 G134 G137 G140 G143 G146 G210 G214 G217 G221 G224 G227 G234 G237 G469 G472 G475 G478 G898 G900 G902 G952 G953 
SCAN_ORDER 
PO_ORDER test_so G3 G6 G9 G12 G30 G45 G48 G15 G18 G21 G24 G27 G33 G36 G39 G42 G75 G51 G54 G60 G63 G66 G69 G72 G57 
BASIC_SCAN 56

pattern_1
pPI1 011000100000101100001100110111110
pPO1 LHHLLHHLLHLLLHHLHLHHHHLHH

pattern_2
pPI1 011000101000101100101100101011110
pPO1 LHHLLHHLLHLHLLHHHHHHLHLLL

pattern_3
pPI1 011000101000101100101100110011110
pPO1 LHHLLHHLLHLHLLLLHHHLLHLLH

pattern_4
pPI1 011000100000101110101100111011110
pPO1 LHHLLHLLLHLLLLHLHHHLLLLHL

pattern_5
pPI1 011011010100000000000110100000110
pPO1 LHHLHLLHHLHLLLLLHLLHLHLLH

pattern_6
pPI1 011000100000100110001100001111110
pPO1 LHHLLLHLLHHLLLHLHLHHLHHHL

pattern_7
pPI1 011000100000101110101100100011110
pPO1 LHHHLHHLLHLLLLHLHHHHLLHLH

pattern_8
pPI1 011000100000101110001100100011110
pPO1 LHHLLHHLLHLLLLHLLLLHLHLLH

pattern_9
pPI1 011000100000101110001100101111110
pPO1 LHHLLHHLLHLLLLHLLLLHLHLLH

pattern_10
pPI1 011000101000101110001100101011110
pPO1 LLHLLHHLLHLHLLHLHLHHLLHHH

pattern_11
pPI1 011011010100000010101111001000100
pPO1 LHHLHLLHHLHLLLLLLHLHHHLLH

pattern_12
pPI1 111101101001110011110110000101010
pPO1 HHHHLLLLHHLHLHHHLHLLLLHHL

pattern_13
pPI1 011000100000100110001100011111110
pPO1 LHHLLLHLLHLLLLHLLHHLHHLHL

pattern_14
pPI1 010011011000101010101011110110100
pPO1 LHLLLHLHHLHHLLHLLHHHLLHLL

pattern_15
pPI1 001010110000111010001000110000110
pPO1 HLHLLHLHLHHLLLHHHHHLHHLLL

pattern_16
pPI1 111111001101110111010100000001010
pPO1 HHHHHLHHHLLHLHHHLHLLLLHHL

pattern_17
pPI1 011011010100000000011100100000110
pPO1 LHHLHLLHHLHLLLLLLHLHLHLLH

pattern_18
pPI1 001010110000110001011000000000110
pPO1 LLHLLLLHLHHLLLHHLHHLLHHHH

pattern_19
pPI1 001010110000110001001000000000110
pPO1 LLHLLLLHLHHLLLHHHHHLLHHHH

pattern_20
pPI1 010001111110111111010100000001010
pPO1 LHLLHHHLHHHHHLHHHLLLLLHLL

pattern_21
pPI1 111111001111111111110110010001010
pPO1 HHHHHHHHHLLHHHHHLLLLLHHHL

pattern_22
pPI1 011011010100000000001100001100110
pPO1 LHHLHLLHHLHLLLLLLHLHLHLLH

pattern_23
pPI1 111111001111111111110110000001010
pPO1 HHHHHHHHHLLHHHHHHLLLLHHHL

pattern_24
pPI1 011011010100000000101100001000110
pPO1 LHHLHLLHHLHLLLLLLHLHLHLLH

pattern_25
pPI1 011011010100000000001111001000100
pPO1 LHHLHLLHHLHLLLLLLHLHLHLLH

pattern_26
pPI1 011001111000101010001100100110110
pPO1 LHLLLHLLHHHHLLHLHHLLHHHLH

pattern_27
pPI1 011011010100000010001100110100110
pPO1 LHHLHLLHHLHLLLLLLHLHLHLLL

pattern_28
pPI1 011011001000100011000100010011010
pPO1 LHHLLLLHHLLHLLHLLHLLLLHHL

pattern_29
pPI1 011011010100000010001100111000110
pPO1 LHHLHLLHHLHLLLLLLHLHLHLLL

pattern_30
pPI1 011001110100100110100110110110110
pPO1 LHHLLLHLHHHLLLHLHLHHLHLHH

pattern_31
pPI1 011011010100000010101100101000110
pPO1 LHHLHLLHHLHLLLLLLHLHLHLLL

pattern_32
pPI1 011011010100000010101100111100110
pPO1 LHHLHLLHHLHLLLLLLHLHLHLLL

pattern_33
pPI1 011011010100000010101100110000110
pPO1 LHHLHLLHHLHLLLLLLHLHLHLLL

pattern_34
pPI1 111101101100110100111111110001010
pPO1 HHHHHLHLHHLHLLHHLLHLLLHLL

pattern_35
pPI1 110111000100000110001100111100111
pPO1 HHLHHHHHHLLLLLLLHLLLHHHHL

pattern_36
pPI1 011011010100000010001101111101100
pPO1 LHHLHLLHHLHLLLLLLHLHLHLLH

pattern_37
pPI1 001001100000101100111110001001010
pPO1 LLHLLHHLHHLLHLHLHLHLLLLHH

pattern_38
pPI1 011000100000100110001101011001110
pPO1 LHHLLLHHLHLLLLHLHLHHHHHHL

pattern_39
pPI1 010000100100100101001010110000011
pPO1 LHLLHLHLLHLLLLHLHLLLHLHHL

pattern_40
pPI1 001001000010000110001111011000101
pPO1 LLHLLLHLHLLLHLLLHLLLLLHHL

pattern_41
pPI1 001100100100100110000101011000111
pPO1 LLHHHLHHLHLLLLHLHLHLLHHHH

pattern_42
pPI1 010100100100000110001010011001111
pPO1 LHLHHLHHLHLLLLLLHLLHHLHLL

pattern_43
pPI1 000011100101011100100110110100111
pPO1 LLLLHHHHHHLLLHLHHLHLLLHHH

pattern_44
pPI1 001011000000100010011110011001111
pPO1 LLHLLLLHHLLLLLHLHHLHLHHLH

pattern_45
pPI1 000001100100000110001111100111101
pPO1 LLLLHLHLHHLLLLLLHLLLLLHHL

pattern_46
pPI1 011011010100000001001100000000100
pPO1 LHHLHLLHHLHLLLLLLHLLLHLLH

pattern_47
pPI1 001001100011000110101011010001010
pPO1 LLHLLLHLHHLLHHLLHHLLLLLLH

pattern_48
pPI1 001001100001001101101011010101000
pPO1 LLHLLHHLHHLLLHLLLLLLHLLLH

pattern_49
pPI1 000101101100000111101110010101010
pPO1 LLLHHLHLHHLLLLLLHHLHHHLHH

pattern_50
pPI1 010001100000100110100000010000111
pPO1 LHLLLLHLHLLLLLHLHHHLHLHHH

pattern_51
pPI1 010001100000100110100000010011101
pPO1 LHLLLLHLHHLLLLHLHLLLLLHLL

pattern_52
pPI1 101111000110010010001100010111110
pPO1 HLHHHLLHLLLLHLLHHLHHLHHLH

pattern_53
pPI1 011001100000100000001100101011110
pPO1 LHHLLLLLHHLLLLHLLHLHLLHLH

pattern_54
pPI1 001001101111000001100110000001110
pPO1 LLHLHLLLHHLHHHLLLHHHHHLHH

pattern_55
pPI1 000000000000000000000000000111110
pPO1 LLLLLLLLLLLLLLLLHLLLLLHHL

pattern_56
pPI1 111111111111111110001110000000110
pPO1 HHHHHHHHHHHHHHHHHHLLLHHHH
==========
/c1908.script 15> exit
#  Goodbye
#  Runtime        real 1.776e+09 s        user 0.05649 s        sys 0.01249 s
#  Memory         peak 0 MB
