#                 Statistics Report
#  Circuit name                          c1908_mixed
#  Fault model                                   SAF
#  Pattern type                                BASIC
#  -------------------------------------------------
#  Fault classes                             #faults
#  ----------------------------  -------------------
#    FU (full)                                  1664
#    FU (collapsed)                             1214
#    --------------------------  -------------------
#    UD (undetected)                               0
#    PT (possibly testable)                        0
#    AU (atpg untestable)                          0
#    RE (redundant)                                0
#    AB (atpg abort)                               0
#    TI (tied)                                     0
#    --------------------------  -------------------
#    DT (detected)                              1664
#  -------------------------------------------------
#  Coverage                               percentage
#    --------------------------  -------------------
#    test coverage                              100%
#    fault coverage                             100%
#    atpg effectiveness                         100%
#  -------------------------------------------------
#  #Patterns                                      56
#  -------------------------------------------------
#  ATPG runtime                          1.776e+09 s
#  -------------------------------------------------
