#                 Statistics Report
#  Circuit name                         s38417_mixed
#  Fault model                                   SAF
#  Pattern type                                BASIC
#  -------------------------------------------------
#  Fault classes                             #faults
#  ----------------------------  -------------------
#    FU (full)                                 69776
#    FU (collapsed)                            45895
#    --------------------------  -------------------
#    UD (undetected)                               0
#    PT (possibly testable)                        0
#    AU (atpg untestable)                        978
#    RE (redundant)                                0
#    AB (atpg abort)                              15
#    TI (tied)                                     0
#    --------------------------  -------------------
#    DT (detected)                             68783
#  -------------------------------------------------
#  Coverage                               percentage
#    --------------------------  -------------------
#    test coverage                            99.98%
#    fault coverage                           98.58%
#    atpg effectiveness                       99.98%
#  -------------------------------------------------
#  #Patterns                                     116
#  -------------------------------------------------
#  ATPG runtime                          1.776e+09 s
#  -------------------------------------------------
