#                 Statistics Report
#  Circuit name                          b22_C_mixed
#  Fault model                                   SAF
#  Pattern type                                BASIC
#  -------------------------------------------------
#  Fault classes                             #faults
#  ----------------------------  -------------------
#    FU (full)                                 92124
#    FU (collapsed)                            60472
#    --------------------------  -------------------
#    UD (undetected)                               0
#    PT (possibly testable)                        0
#    AU (atpg untestable)                          2
#    RE (redundant)                                0
#    AB (atpg abort)                              18
#    TI (tied)                                     0
#    --------------------------  -------------------
#    DT (detected)                             92104
#  -------------------------------------------------
#  Coverage                               percentage
#    --------------------------  -------------------
#    test coverage                            99.98%
#    fault coverage                           99.98%
#    atpg effectiveness                       99.98%
#  -------------------------------------------------
#  #Patterns                                     355
#  -------------------------------------------------
#  ATPG runtime                          1.776e+09 s
#  -------------------------------------------------
