#  ==========================================================================
#
#                                   FAN ATPG
#
#                Copyright(c) Laboratory of Dependable Systems,
#                Graduate Institute of Electronics Engineering,
#                          National Taiwan University
#                             All Rights Reserved.
#
#  ==========================================================================
#
#  Kernel:   Darwin
#  Platform: UNKNOWN
#  Memory:   UNKNOWN
#
/c7552.script 1> read_lib FTL/04_Phase4_ATPG/lib/mod_nangate45_plus_ftl_dirL_subset.mdt
#  Reading technology library ...
fishy ...
#  Finished reading library `FTL/04_Phase4_ATPG/lib/mod_nangate45_plus_ftl_dirL_subset.mdt'    1.77602e+09 s    0 MB
/c7552.script 2> read_netlist FTL/04_Phase4_ATPG/netlists/dirL5/c7552_mixed_SYN.v
#  Reading netlist ...
/c7552.script 3> report_netlist
/c7552.script 4> build_circuit --frame 1
/c7552.script 5> report_circuit
/c7552.script 6> set_fault_type saf
#  fault type set to stuck-at fault
/c7552.script 7> add_fault --all
/c7552.script 8> set_static_compression on
#  static compression set to on
/c7552.script 9> set_dynamic_compression on
#  dynamic compression set to on
/c7552.script 10> set_X-Fill on
#  X-Fill set to on
/c7552.script 11> run_atpg
/c7552.script 12> report_statistics > FTL/04_Phase4_ATPG/results/dirL5/c7552/c7552.rpt
/c7552.script 13> write_pattern FTL/04_Phase4_ATPG/results/dirL5/c7552/c7552.pat
/c7552.script 14> write_to_STIL FTL/04_Phase4_ATPG/results/dirL5/c7552/c7552.stil
/c7552.script 15> exit
#  Goodbye
#  Runtime        real 1.77602e+09 s        user 0.039366 s        sys 0.011129 s
#  Memory         peak 0 MB
