#  ==========================================================================
#
#                                   FAN ATPG
#
#                Copyright(c) Laboratory of Dependable Systems,
#                Graduate Institute of Electronics Engineering,
#                          National Taiwan University
#                             All Rights Reserved.
#
#  ==========================================================================
#
#  Kernel:   Darwin
#  Platform: UNKNOWN
#  Memory:   UNKNOWN
#
/c6288.script 1> read_lib FTL/04_Phase4_ATPG/lib/mod_nangate45_plus_ftl_dirL_subset.mdt
#  Reading technology library ...
fishy ...
#  Finished reading library `FTL/04_Phase4_ATPG/lib/mod_nangate45_plus_ftl_dirL_subset.mdt'    1.77602e+09 s    0 MB
/c6288.script 2> read_netlist FTL/04_Phase4_ATPG/netlists/dirL0/c6288_mixed_SYN.v
#  Reading netlist ...
#  Finished reading netlist `FTL/04_Phase4_ATPG/netlists/dirL0/c6288_mixed_SYN.v'    1.77602e+09 s    0 MB
/c6288.script 3> report_netlist
#  netlist information
#    number of modules: 1
#    modules:           c6288_mixed
#    current module:    c6288_mixed
#    number of ports:   64
#    number of cells:   743
#    number of nets:    970
/c6288.script 4> build_circuit --frame 1
#  Building circuit ...
#  Finished building circuit    1.77602e+09 s    0 MB
/c6288.script 5> report_circuit
#  circuit information
#    netlist:         c6288_mixed
#    number of PIs:   32
#    number of PPIs:  0
#    number of POs:   32
#    number of combs: 2155
#    number of gates: 2219
#    number of nets:  2997
/c6288.script 6> set_fault_type saf
#  fault type set to stuck-at fault
/c6288.script 7> add_fault --all
#  Building fault list ...
#  Finished building fault list    1.77602e+09 s    0 MB
/c6288.script 8> set_static_compression on
#  static compression set to on
/c6288.script 9> set_dynamic_compression on
#  dynamic compression set to on
/c6288.script 10> set_X-Fill on
#  X-Fill set to on
/c6288.script 11> run_atpg
#  Performing pattern generation ...
#  Finished pattern generation    1.77602e+09 s    0 MB
/c6288.script 12> report_statistics > FTL/04_Phase4_ATPG/results/dirL0/c6288/c6288.rpt
/c6288.script 13> write_pattern FTL/04_Phase4_ATPG/results/dirL0/c6288/c6288.pat
#  Writing pattern to `FTL/04_Phase4_ATPG/results/dirL0/c6288/c6288.pat' ...
/c6288.script 14> write_to_STIL FTL/04_Phase4_ATPG/results/dirL0/c6288/c6288.stil
#  Writing pattern to STIL...
==========
PI_ORDER CK test_si test_se G1gat G18gat G35gat G52gat G69gat G86gat G103gat G120gat G137gat G154gat G171gat G188gat G205gat G222gat G239gat G256gat G273gat G290gat G307gat G324gat G341gat G358gat G375gat G392gat G409gat G426gat G443gat G460gat G477gat G494gat G511gat G528gat 
SCAN_ORDER 
PO_ORDER test_so G545gat G1581gat G1901gat G2223gat G2548gat G2877gat G3211gat G3552gat G3895gat G4241gat G4591gat G4946gat G5308gat G5672gat G5971gat G6123gat G6150gat G6160gat G6170gat G6180gat G6190gat G6200gat G6210gat G6220gat G6230gat G6240gat G6250gat G6260gat G6270gat G6280gat G6287gat G6288gat 
BASIC_SCAN 63

pattern_1
pPI1 01101101110101110101000101100010
pPO1 LLHHHLLLLLHLHLHHLHLLHHHHLLLLLLLH

pattern_2
pPI1 01101110101110110111111111001111
pPO1 LLHLHLLLHLHHHHLHLHLLHLLLHHLLHLHH

pattern_3
pPI1 01101011101010101111111110111010
pPO1 LHLHLHLLLHHHHHLLLLHLLLLHHHHHHLLL

pattern_4
pPI1 11100010100100110111100101111111
pPO1 LHLLHLHHHHLHLHLHLLLLHHLLLLLHLLHH

pattern_5
pPI1 11110000100011101011101101111011
pPO1 HHLLHHHHHHLHHLLHLLHHLHHLLHLLLHLH

pattern_6
pPI1 11010100000011101111111110000011
pPO1 HLHLHLHHHLHLLHLLLLLLLLLLHLHLHLLH

pattern_7
pPI1 01011001110011101011111101101111
pPO1 LHLLHHLLHHLHHHLLLLLHLLLHHHHHLHLH

pattern_8
pPI1 10011010010110111000101110110111
pPO1 HLLHLHLHHHHLLHLHLHHLHLHHLHLHLLHH

pattern_9
pPI1 01111110111011111101010011111010
pPO1 LHLHLHLLLLHLHLHLHLLLLLLLLLHHHLLH

pattern_10
pPI1 01110011111011101111111000111010
pPO1 LHLLHHLLHHHLHHHLHLLHLLHLHHLHLHLL

pattern_11
pPI1 11000111110000110100000000110011
pPO1 LHHLLLHHHHLHLHHLLHLHHLLLLLHHHLHL

pattern_12
pPI1 10111111110111101111111111010110
pPO1 HHLLLLLLLLLLLLHLLHHHLLHLLLHLHHLL

pattern_13
pPI1 11001101110010111001111011001001
pPO1 HHLHHLLHLLLHHLHHHHLLHHHHHLLHHHLH

pattern_14
pPI1 00010011110100110100000001100101
pPO1 LLLLHLLHHHHLLLHLHLHLLHLLLLHLLLHL

pattern_15
pPI1 10011111010111111111001011011111
pPO1 HHHLHLHHHLHLHLLHHHHHHLHLLHHLHHHH

pattern_16
pPI1 11110111111100111111100011001011
pPO1 HLLLHHHHLHLHLHLLHHLHHHHLHHLHLHHL

pattern_17
pPI1 10101010001100110100000110010101
pPO1 LHLHLHLLLLLLLHHHHHLHLLHLHHHLLLHL

pattern_18
pPI1 00101101111111011110000111101011
pPO1 LLHHLHHHHHLLLLHLHLHLLHHLHLLLLHHL

pattern_19
pPI1 11011100000000110111000100010111
pPO1 LHLHHHLHLLLHHLLLLLLLLHLHLHHHLHHL

pattern_20
pPI1 01101011101110111101110100101011
pPO1 LHLLHLHLHHLLLLHLHHHLHLHLLLLHHHHL

pattern_21
pPI1 10101011111000011100110101011001
pPO1 HHHHLHHHHHLHHLLLHLHLHLLLLHLLHLLH

pattern_22
pPI1 00110101110111101101110101101111
pPO1 LLHLLHLHLHHHHLLHHLLLHHLLHHHLHHLH

pattern_23
pPI1 00011010111011011101110010101011
pPO1 LLLHLLHLHLLHHHHLLHHLHHLHLLLHHLHL

pattern_24
pPI1 10001111111111001100110010101010
pPO1 HHLLLLLLLHLLLLHHHHHLLLHLHLHLHLLL

pattern_25
pPI1 10001111101111110011010110101010
pPO1 LLHHLHHHLHLLLHLHHHLHHHHHLLHLHLLH

pattern_26
pPI1 01110111001100111101101001010101
pPO1 LHLHHLLHLLHLLHHHLHHHHLHLLLLHLLHL

pattern_27
pPI1 10111011100010101101101010101100
pPO1 HHHHLLLHLHLHHLHHHHHHLLLLHLLLHLLL

pattern_28
pPI1 11011111110101111110110010110100
pPO1 HLHHLHHHHLLLHLHHHLHHLHLHHLLHLHLL

pattern_29
pPI1 11111011111000101010111000001000
pPO1 HHLHLHHHLLLHLLHHLHHHHLLHLLHLLLLL

pattern_30
pPI1 01111011111111111111011111111101
pPO1 LHLLLLHLLHLLLLLHHLHLHLHHHHHHHHHL

pattern_31
pPI1 00000101111010111110100010101101
pPO1 LLLLLHHLHHHHHHHLHHHLLLLHLLLHHLHL

pattern_32
pPI1 10001001011111111110100000100011
pPO1 HHHLLLLLHHLLLHHHHLHHHHHHLHLLLLHH

pattern_33
pPI1 11000011111100001100101000000110
pPO1 HLLHHHLLLLHHHHLLLHHHLHHHHLHLLLLL

pattern_34
pPI1 01101101110100111100011010101011
pPO1 LHLLLHHLHLHLHHLLHLHHLLHHHLLHLHHL

pattern_35
pPI1 01001111111101101111000010101010
pPO1 LHHHLHLLHLLHLHHHHLLLHHLLHLHLLHLL

pattern_36
pPI1 00101110101100111101000000001101
pPO1 LLHHHHHHHHLLHLLHLLLHLLHLHLHHLLHL

pattern_37
pPI1 00001011101011001001001011001100
pPO1 LLLLHLHLLLLHLLHHHHHLLLHHLHLHLLLL

pattern_38
pPI1 00111111111101101011001010111000
pPO1 LLHHLLHHLHLHHHLLHLLLHLHHLLHHLLLL

pattern_39
pPI1 11011010111011110110001010100100
pPO1 LHLLLHHHHLLHLLHHHHLLLLLLLLHLLHLL

pattern_40
pPI1 01100111111111111100111111111100
pPO1 LHLLHLHLHLLLLLLHLLHHLHHHHHHHHHLL

pattern_41
pPI1 00011001101101011100000001110100
pPO1 LLLHLLHHLLLHHLHLHHLLHHLLHHHHHLLL

pattern_42
pPI1 00010111010100110010110101010101
pPO1 LLLLLHLLHHLHHHLHLLHHLLHLHHHLLLHL

pattern_43
pPI1 11011111110100110001101010101011
pPO1 LLLHLLHLHLHLHHHHHLHHHHHHHLLHLHHL

pattern_44
pPI1 00000111000100111100000110101011
pPO1 LLLLLHLHLHLHLHLLHLLHLLLHHHHLLHHL

pattern_45
pPI1 00000111100110111100000011010101
pPO1 LLLLLHLHHLHHLHLLHHLHLLLHHLLLHLHL

pattern_46
pPI1 10001111110011101100000001101001
pPO1 HHLLHLHHHLLLHLLHLLLLHHHHHHLLLLLH

pattern_47
pPI1 10001111111001111100000000110110
pPO1 HHLLHLHHHHLLLHHLLLHHHLHHHLLLLHLH

pattern_48
pPI1 10000101011100111100101000010011
pPO1 HHLLHHLLLHHLLLHHLLLLHHLHHLLLLHHL

pattern_49
pPI1 01111111111111111110101010110110
pPO1 LHLLHLHLHLHLLHLLLHHLHLHLHLHHLHLH

pattern_50
pPI1 01111111111111101011111111111100
pPO1 LHHLLLLLLLLLLLLLLHHHHHHHHHHHHLLL

pattern_51
pPI1 01011100011111101100111000010010
pPO1 LHHHLLLLLLHLLLLLHLLHHHLHHHLLLHLL

pattern_52
pPI1 00001110111111111101001110101011
pPO1 LLLLHLHHHLHHHHLHLHLLHLHLHLHLHLHH

pattern_53
pPI1 11111010101011111110000001011011
pPO1 HLLHHLLHHHLHHLLHHLLHHHHHLLLLHLHH

pattern_54
pPI1 00111111111111011100100010001010
pPO1 LLHLHHLHHHLHHHHHLLHHLLHHLLHHHHLL

pattern_55
pPI1 11101000101011100101000101000111
pPO1 LHHLLHHLLLHHLHHLHLHHHLLHHHHLLHLH

pattern_56
pPI1 00111111111111111011011111111111
pPO1 LLHHLLHLLLLLLLLLHLLHLHHHHHHHHHHH

pattern_57
pPI1 00111111111111110111111111111111
pPO1 LLLHLLLLLLLLLLLLLHLHHHHHHHHHHHHH

pattern_58
pPI1 00011011101101110000001010111101
pPO1 LLLLLLLLLHHHLHHHHHLLHLHHHHHHLHHL

pattern_59
pPI1 10100000101111011010000001001000
pPO1 HLLHHLLLHHLHLLLLLHHHLLHLHLHHLLLL

pattern_60
pPI1 10111101001110101010000010001110
pPO1 HLLLHHLHLLHHHHLLHLLLHHHHLLLHLHLL

pattern_61
pPI1 00111110011011100110100010110010
pPO1 LLLHLHLHLHLHHHHLHLHHLHLHHHLLLHLL

pattern_62
pPI1 00110101010100101101000000011110
pPO1 LLHLLHHLHLHLHLHHHHLLLLLLHHLLLHLL

pattern_63
pPI1 11111111111111111100000011101000
pPO1 HLHHHHHHLLLHLHHHLHLLLLLLHHHLHLLL
==========
/c6288.script 15> exit
#  Goodbye
#  Runtime        real 1.776e+09 s        user 1.067 s        sys 0.02546 s
#  Memory         peak 0 MB
