#  ==========================================================================
#
#                                   FAN ATPG
#
#                Copyright(c) Laboratory of Dependable Systems,
#                Graduate Institute of Electronics Engineering,
#                          National Taiwan University
#                             All Rights Reserved.
#
#  ==========================================================================
#
#  Kernel:   Darwin
#  Platform: UNKNOWN
#  Memory:   UNKNOWN
#
/c6288.script 1> read_lib FTL/04_Phase4_ATPG/lib/mod_nangate45_plus_ftl_dirL_subset.mdt
#  Reading technology library ...
fishy ...
#  Finished reading library `FTL/04_Phase4_ATPG/lib/mod_nangate45_plus_ftl_dirL_subset.mdt'    1.77603e+09 s    0 MB
/c6288.script 2> read_netlist FTL/04_Phase4_ATPG/netlists/dirL11/c6288_mixed_SYN.v
#  Reading netlist ...
#  Finished reading netlist `FTL/04_Phase4_ATPG/netlists/dirL11/c6288_mixed_SYN.v'    1.77603e+09 s    0 MB
/c6288.script 3> report_netlist
#  netlist information
#    number of modules: 1
#    modules:           c6288_mixed
#    current module:    c6288_mixed
#    number of ports:   64
#    number of cells:   629
#    number of nets:    873
/c6288.script 4> build_circuit --frame 1
#  Building circuit ...
#  Finished building circuit    1.77603e+09 s    0 MB
/c6288.script 5> report_circuit
#  circuit information
#    netlist:         c6288_mixed
#    number of PIs:   32
#    number of PPIs:  0
#    number of POs:   32
#    number of combs: 1900
#    number of gates: 1964
#    number of nets:  2565
/c6288.script 6> set_fault_type saf
#  fault type set to stuck-at fault
/c6288.script 7> add_fault --all
#  Building fault list ...
#  Finished building fault list    1.77603e+09 s    0 MB
/c6288.script 8> set_static_compression on
#  static compression set to on
/c6288.script 9> set_dynamic_compression on
#  dynamic compression set to on
/c6288.script 10> set_X-Fill on
#  X-Fill set to on
/c6288.script 11> run_atpg
#  Performing pattern generation ...
#  Finished pattern generation    1.77603e+09 s    0 MB
/c6288.script 12> report_statistics > FTL/04_Phase4_ATPG/results/dirL11/c6288/c6288.rpt
/c6288.script 13> write_pattern FTL/04_Phase4_ATPG/results/dirL11/c6288/c6288.pat
#  Writing pattern to `FTL/04_Phase4_ATPG/results/dirL11/c6288/c6288.pat' ...
/c6288.script 14> write_to_STIL FTL/04_Phase4_ATPG/results/dirL11/c6288/c6288.stil
#  Writing pattern to STIL...
==========
PI_ORDER CK test_si test_se G1gat G18gat G35gat G52gat G69gat G86gat G103gat G120gat G137gat G154gat G171gat G188gat G205gat G222gat G239gat G256gat G273gat G290gat G307gat G324gat G341gat G358gat G375gat G392gat G409gat G426gat G443gat G460gat G477gat G494gat G511gat G528gat 
SCAN_ORDER 
PO_ORDER test_so G545gat G1581gat G1901gat G2223gat G2548gat G2877gat G3211gat G3552gat G3895gat G4241gat G4591gat G4946gat G5308gat G5672gat G5971gat G6123gat G6150gat G6160gat G6170gat G6180gat G6190gat G6200gat G6210gat G6220gat G6230gat G6240gat G6250gat G6260gat G6270gat G6280gat G6287gat G6288gat 
BASIC_SCAN 67

pattern_1
pPI1 01111111110111111101101010110111
pPO1 LHLHLLHLHLLHHHLHHHLLLHLHHLLHLHHH

pattern_2
pPI1 01101111100011111011101011101011
pPO1 LHHHHLHLLLLLLLLHHLHHLLLHHHLHLLHH

pattern_3
pPI1 01110111111010111110110111101111
pPO1 LHLLLHLLHLHHHHHHLLLLHHHHLLLLHLHH

pattern_4
pPI1 11101011010101101011101011111011
pPO1 HHLHHLLLHLLHHLLLLLLHHHLLHLHHHLLH

pattern_5
pPI1 11110111010101110101111111111010
pPO1 LHHLLHHLLHHHHLLLLLHLHLLLLLLHHLLH

pattern_6
pPI1 01110100000011101111111100000011
pPO1 LHLLHLHHHLHHHHLLLHLLHLLHLLHLHLLH

pattern_7
pPI1 01101000000011101111111011000011
pPO1 LHLHLHHHLLHHHLHLLLLHHLLHHLHLHLLH

pattern_8
pPI1 11101000000011101111111101111010
pPO1 HLLHLHHHLLLHHLLLLLLHHLLHHLLHLHLL

pattern_9
pPI1 10110000000011101111110000001011
pPO1 HHLLHHLLHHLLLHLLLHHLLHLLHHLHHLLH

pattern_10
pPI1 01101000000111110111111111100110
pPO1 LLHLHLHHHHHHHHHHLHHLLLHHLLHLLHLH

pattern_11
pPI1 11000000111111001100000010001101
pPO1 HLLHLLLLLLLLHLHHHLLLHLLHHHLHLHLL

pattern_12
pPI1 00011100000011101111110111110010
pPO1 LLLHLLHHHLLLLLLLHLHLHHHHLHLLLHLL

pattern_13
pPI1 11000000111110101100011010111010
pPO1 HLLHLHLLHLHLHLHHLLLHLHLHLHLLLHLL

pattern_14
pPI1 01100000011111111100011010110011
pPO1 LHLLHLHLLHLHLLLLHLHHLLHHHHLHLLHH

pattern_15
pPI1 11000000111011111100111101101001
pPO1 HLLHHLHHHLLHHHLLLHHLLHLHHLLLHLHL

pattern_16
pPI1 01000000111011111100001111100101
pPO1 LHHLLLLHLLHLHHHLLHHHHLHHHLLLLHHL

pattern_17
pPI1 11100011111010011100111110000100
pPO1 HLHLLHHHLLLHHHLHLLLLLHLLLLHLHLLL

pattern_18
pPI1 00110000111111001100001011010001
pPO1 LLHLLHLLLLHLLLLLLLHHLLHLLHLLLHLL

pattern_19
pPI1 11100011111110001101011100101010
pPO1 HLHHLHLHHHHLHHHLLHLHLLLHLHLHLLLL

pattern_20
pPI1 00110000111101111100010110000100
pPO1 LLHLLHLHLLLLLLHHLLLHLHHLHHHHHLLL

pattern_21
pPI1 01110000111111111011110010011110
pPO1 LHHLHLHLLLHLLHHLLHLHLLHHLLLHHHLH

pattern_22
pPI1 10110111101111111110101100101111
pPO1 HHLHLLLLLHHLLHLLHHLHHLHHLHLLHHHH

pattern_23
pPI1 10011111010111111101111010101011
pPO1 HHLLLHLHLHLLLLHHHLLHLLHLHLLLHLHH

pattern_24
pPI1 11011111011110111100110011001111
pPO1 HLLLLLLLHLHHLHLHLLHLHLHHHHLLHLHH

pattern_25
pPI1 11000111011110111101101000010001
pPO1 HLLLHHLHLHLLHLHHHHHLHHLHLHHLHHLH

pattern_26
pPI1 00110111110110111101111001101111
pPO1 LLHLLHHLLHLLHHHLLHHHHHLHHHLLHLHH

pattern_27
pPI1 10101111100001011100110100010000
pPO1 HHHHLLHLLHHLLHHHLLLLLLLHHLHLLLLL

pattern_28
pPI1 01111111101001101110110100001010
pPO1 LHLLHLLHLLLHLLHLLLLHLHLLLLLLLHLL

pattern_29
pPI1 00110011111110111101111100001101
pPO1 LLHLLLLLHLHHLHLHHHHLHHLHLHLHHLHL

pattern_30
pPI1 00000001100011101100010011010111
pPO1 LLLLLLLHLLHLLLLLLLLLLLHLLLLHLHLH

pattern_31
pPI1 11011101010111111111101001101011
pPO1 HLHLLHHLHLHHHLHLHLHLHHHHHLLLHLHH

pattern_32
pPI1 11110101100111011111000000100000
pPO1 HLLLLLHLHLHHHLLHHLLLHHHHLHLLLLLL

pattern_33
pPI1 01011111011110111111101001001110
pPO1 LHHLLLHHLHLLHLLLLHHHHLLHHHLLLHLH

pattern_34
pPI1 00110111111110111111100110011110
pPO1 LLHLHLLHHHHHHLLHHLLLLHHLLHLHLHLH

pattern_35
pPI1 11111110111100011111010010101000
pPO1 HLLLHLHLHHLLLLHHHHHHHLHHHHLHLLLL

pattern_36
pPI1 11001101110011111110110000100000
pPO1 HLHLHHHLHHHLLHLLHHLLLLLLLLHLLLLL

pattern_37
pPI1 11001100110100011011000000000000
pPO1 HHHLHLLHHLLLHLLLHHHLLLLLLLLLLLLL

pattern_38
pPI1 01011101111011101111010101011111
pPO1 LHHLLHLLLLHHHHHLHLHHHHLLHLHLHHLH

pattern_39
pPI1 01011111011100111001000000000011
pPO1 LHLHLLHHLHHLLLHHLHLLLLHLHHLHHLHL

pattern_40
pPI1 00111110110110111111001000110101
pPO1 LLHLLLHLHHLHLLLLHHLHHHLHHHLLHLHL

pattern_41
pPI1 00110011110010110011001010011010
pPO1 LLLLHLLHLLHHLLHHLLLLLHHHHLLHLLLH

pattern_42
pPI1 00001111011111101111001011101000
pPO1 LLLLHLLLLLHHHHLHLHHHLLLHHHLHLLLL

pattern_43
pPI1 00001111111101101001101010101010
pPO1 LLLLHHHLLHLHHLLHHLLLHLHLHLHLLHLL

pattern_44
pPI1 11011011110010110001101010011010
pPO1 LLLHLLHLLHHLHHHHHHHHLHHHHLLHLLLH

pattern_45
pPI1 10100000101100100010100000010000
pPO1 LLHLLHHLLLHHLHLLLHHHLHHLLHLLLLLL

pattern_46
pPI1 11110011000011001110000000000010
pPO1 HLLHLHLHHLHLHLLLHLHLHHLLLLHHLLLL

pattern_47
pPI1 11000001101001011100000100000000
pPO1 HLLHLLLLLHLLHHLHLLHLHLHLLLLLLLLL

pattern_48
pPI1 01000001011111110010100001000010
pPO1 LLLHLHLLLHHLLHHLHLLLHHLHHLLLLLLH

pattern_49
pPI1 01111101101010111110000000000111
pPO1 LHLLHHLLLLLHHLLLLLHHLLLLHHLHHHHL

pattern_50
pPI1 00110001111011001100001010000010
pPO1 LLHLLHLHHLHLHLLLHLLHLHLLLHHHLLLL

pattern_51
pPI1 00111111001111111110100001000100
pPO1 LLHLLHLHLHLLHHLLLLLLHHLHHLLLLHLL

pattern_52
pPI1 00010010000101100010100000001101
pPO1 LLLLLHLHHLHLLHLHHLLHHHLHHHHLLLLH

pattern_53
pPI1 00011111011010111110010101001101
pPO1 LLLHLLHHHHLHLHLHLLHLLLLLLHHLHLHL

pattern_54
pPI1 00011001101101011100000000100010
pPO1 LLLHLLHHLLLHLHHLLHHHHLLLLHHHLHLL

pattern_55
pPI1 00000100011110110010101101001111
pPO1 LLLLLLLHLHLLHHLLLHLLHHLHLHLLHLHH

pattern_56
pPI1 00000000110011101100110110011101
pPO1 LLLLLLLLHLLHLHHLHHLHLHHLHHLLHLLH

pattern_57
pPI1 00000000101010110010110101001111
pPO1 LLLLLLLLLLHLLLHHHHHHLHHHHLLHLLHH

pattern_58
pPI1 00011110111011101101101100111010
pPO1 LLLHLHLHHHLLHLHLHLHLHLHLHHLHLHLL

pattern_59
pPI1 00000001111111001100101010110110
pPO1 LLLLLLLHLHHLHLLLLHHHHLLLHHLHHLLL

pattern_60
pPI1 00101011011010110011010101001101
pPO1 LLLLHHHLLHHHHHLHHHHHLHHHHLHLHLHL

pattern_61
pPI1 01011101111010111100101010011111
pPO1 LHHHLLHLHHLHHLHHHLLHHLLLLHLLHLHH

pattern_62
pPI1 01100000001011010101010101111011
pPO1 LLHHHHHHHHHHHHLHLLHLHLLHLLHHHLHL

pattern_63
pPI1 11111111111100011100000000000100
pPO1 HLHHHHHHHHHHLLLHHLLLLLLLLHLLHLLL

pattern_64
pPI1 00011111111110000001011111111101
pPO1 LLLLLLHHLLLLLLLLHHHLHHHHHHHLHLLL

pattern_65
pPI1 00000000000011111101010101010101
pPO1 LLLLLLLLLLLLHLHLLLLLLLLLLLLLLHHL

pattern_66
pPI1 00000000000111010100111111010101
pPO1 LLLLLLLLLLLLHHHHHLHLHLLHHHLHHHLH

pattern_67
pPI1 10000000001001100001111111111111
pPO1 LLLHHHHHHHHHHLHHHLHHHHHHHHLLLHLH
==========
/c6288.script 15> exit
#  Goodbye
#  Runtime        real 1.776e+09 s        user 0.7616 s        sys 0.02219 s
#  Memory         peak 0 MB
