#  ==========================================================================
#
#                                   FAN ATPG
#
#                Copyright(c) Laboratory of Dependable Systems,
#                Graduate Institute of Electronics Engineering,
#                          National Taiwan University
#                             All Rights Reserved.
#
#  ==========================================================================
#
#  Kernel:   Darwin
#  Platform: UNKNOWN
#  Memory:   UNKNOWN
#
/s208.script 1> read_lib FTL/04_Phase4_ATPG/lib/mod_nangate45_plus_ftl_dirL_subset.mdt
#  Reading technology library ...
fishy ...
#  Finished reading library `FTL/04_Phase4_ATPG/lib/mod_nangate45_plus_ftl_dirL_subset.mdt'    1.77602e+09 s    0 MB
/s208.script 2> read_netlist FTL/04_Phase4_ATPG/netlists/dirL5/s208_mixed_SYN.v
#  Reading netlist ...
#  Finished reading netlist `FTL/04_Phase4_ATPG/netlists/dirL5/s208_mixed_SYN.v'    1.77602e+09 s    0 MB
/s208.script 3> report_netlist
#  netlist information
#    number of modules: 1
#    modules:           s208_mixed
#    current module:    s208_mixed
#    number of ports:   29
#    number of cells:   51
#    number of nets:    70
/s208.script 4> build_circuit --frame 1
#  Building circuit ...
#  Finished building circuit    1.77602e+09 s    0 MB
/s208.script 5> report_circuit
#  circuit information
#    netlist:         s208_mixed
#    number of PIs:   19
#    number of PPIs:  0
#    number of POs:   10
#    number of combs: 76
#    number of gates: 105
#    number of nets:  151
/s208.script 6> set_fault_type saf
#  fault type set to stuck-at fault
/s208.script 7> add_fault --all
#  Building fault list ...
#  Finished building fault list    1.77602e+09 s    0 MB
/s208.script 8> set_static_compression on
#  static compression set to on
/s208.script 9> set_dynamic_compression on
#  dynamic compression set to on
/s208.script 10> set_X-Fill on
#  X-Fill set to on
/s208.script 11> run_atpg
#  Performing pattern generation ...
#  Finished pattern generation    1.77602e+09 s    0 MB
/s208.script 12> report_statistics > FTL/04_Phase4_ATPG/results/dirL5/s208/s208.rpt
/s208.script 13> write_pattern FTL/04_Phase4_ATPG/results/dirL5/s208/s208.pat
#  Writing pattern to `FTL/04_Phase4_ATPG/results/dirL5/s208/s208.pat' ...
/s208.script 14> write_to_STIL FTL/04_Phase4_ATPG/results/dirL5/s208/s208.stil
#  Writing pattern to STIL...
==========
PI_ORDER CK test_si test_se X Clear C_8 C_7 C_6 C_5 C_4 C_3 C_2 C_1 C_0 Y_4 Y_3 Y_2 Y_1 Y_8 Y_7 Y_6 Y_5 
SCAN_ORDER 
PO_ORDER test_so II6 II3 II4 II158 II155 II156 Z II5 II157 W 
BASIC_SCAN 32

pattern_1
pPI1 0011011010111110000
pPO1 LLLHLLLLLL

pattern_2
pPI1 0011011010111110011
pPO1 LLLLLHLLLL

pattern_3
pPI1 0011011010111111111
pPO1 LLLLLLLLLH

pattern_4
pPI1 0111011010111110000
pPO1 LLLLLLLLLL

pattern_5
pPI1 1011100110010001000
pPO1 HHLLLLLLLL

pattern_6
pPI1 0011101100100101000
pPO1 LLLLLLLLLL

pattern_7
pPI1 1011010110010001011
pPO1 HHLLLLLLLL

pattern_8
pPI1 0011011100100101001
pPO1 LLLLLLLLLL

pattern_9
pPI1 1001101101001111000
pPO1 LHLLLLHLLL

pattern_10
pPI1 0011101101000001010
pPO1 LLLLLLLLLL

pattern_11
pPI1 1011101101000000000
pPO1 HLLLLLLLLL

pattern_12
pPI1 1011100110000001011
pPO1 HLLLLLLLLL

pattern_13
pPI1 0011011010111110111
pPO1 LLLLHLLLLL

pattern_14
pPI1 0001101101111110001
pPO1 LLLLLLLLHL

pattern_15
pPI1 1001101110011111110
pPO1 LLLHHHLLHL

pattern_16
pPI1 1001101100100111010
pPO1 LLHLLLHLLL

pattern_17
pPI1 1011101100000011010
pPO1 LLLLLLLHLL

pattern_18
pPI1 1001101101011010100
pPO1 LHHLLLHHLL

pattern_19
pPI1 1011101100000101010
pPO1 HLLLLLLHLL

pattern_20
pPI1 1001101110010101011
pPO1 HHLLLLHHLL

pattern_21
pPI1 1011101010001001010
pPO1 HLHLLLLLLL

pattern_22
pPI1 1001101110001001101
pPO1 HLHLLLHLLL

pattern_23
pPI1 1001101001010000101
pPO1 HHLLLLHLLL

pattern_24
pPI1 1011100110000001001
pPO1 HLLLLLLLLL

pattern_25
pPI1 1011010110000001111
pPO1 HLLLLLHLLH

pattern_26
pPI1 1011010110000001010
pPO1 HLLLLLLLLL

pattern_27
pPI1 1011110110000000010
pPO1 HLLLLLHLLL

pattern_28
pPI1 1010110110000001100
pPO1 HLLLLLLLLL

pattern_29
pPI1 1011010110000000100
pPO1 HLLLLLHLLL

pattern_30
pPI1 1101011111000001000
pPO1 LLLLLLLLLL

pattern_31
pPI1 0001101111111100111
pPO1 LLLLLLLLLL

pattern_32
pPI1 1010000110000001000
pPO1 HLLLLLHLLL
==========
/s208.script 15> exit
#  Goodbye
#  Runtime        real 1.776e+09 s        user 0.0454 s        sys 0.01067 s
#  Memory         peak 0 MB
