#  ==========================================================================
#
#                                   FAN ATPG
#
#                Copyright(c) Laboratory of Dependable Systems,
#                Graduate Institute of Electronics Engineering,
#                          National Taiwan University
#                             All Rights Reserved.
#
#  ==========================================================================
#
#  Kernel:   Darwin
#  Platform: UNKNOWN
#  Memory:   UNKNOWN
#
/c6288.script 1> read_lib FTL/04_Phase4_ATPG/lib/mod_nangate45_plus_ftl_dirL_subset.mdt
#  Reading technology library ...
fishy ...
#  Finished reading library `FTL/04_Phase4_ATPG/lib/mod_nangate45_plus_ftl_dirL_subset.mdt'    1.77602e+09 s    0 MB
/c6288.script 2> read_netlist FTL/04_Phase4_ATPG/netlists/dirL5/c6288_mixed_SYN.v
#  Reading netlist ...
#  Finished reading netlist `FTL/04_Phase4_ATPG/netlists/dirL5/c6288_mixed_SYN.v'    1.77602e+09 s    0 MB
/c6288.script 3> report_netlist
#  netlist information
#    number of modules: 1
#    modules:           c6288_mixed
#    current module:    c6288_mixed
#    number of ports:   64
#    number of cells:   737
#    number of nets:    964
/c6288.script 4> build_circuit --frame 1
#  Building circuit ...
#  Finished building circuit    1.77602e+09 s    0 MB
/c6288.script 5> report_circuit
#  circuit information
#    netlist:         c6288_mixed
#    number of PIs:   32
#    number of PPIs:  0
#    number of POs:   32
#    number of combs: 2145
#    number of gates: 2209
#    number of nets:  2979
/c6288.script 6> set_fault_type saf
#  fault type set to stuck-at fault
/c6288.script 7> add_fault --all
#  Building fault list ...
#  Finished building fault list    1.77602e+09 s    0 MB
/c6288.script 8> set_static_compression on
#  static compression set to on
/c6288.script 9> set_dynamic_compression on
#  dynamic compression set to on
/c6288.script 10> set_X-Fill on
#  X-Fill set to on
/c6288.script 11> run_atpg
#  Performing pattern generation ...
#  Finished pattern generation    1.77602e+09 s    0 MB
/c6288.script 12> report_statistics > FTL/04_Phase4_ATPG/results/dirL5/c6288/c6288.rpt
/c6288.script 13> write_pattern FTL/04_Phase4_ATPG/results/dirL5/c6288/c6288.pat
#  Writing pattern to `FTL/04_Phase4_ATPG/results/dirL5/c6288/c6288.pat' ...
/c6288.script 14> write_to_STIL FTL/04_Phase4_ATPG/results/dirL5/c6288/c6288.stil
#  Writing pattern to STIL...
==========
PI_ORDER CK test_si test_se G1gat G18gat G35gat G52gat G69gat G86gat G103gat G120gat G137gat G154gat G171gat G188gat G205gat G222gat G239gat G256gat G273gat G290gat G307gat G324gat G341gat G358gat G375gat G392gat G409gat G426gat G443gat G460gat G477gat G494gat G511gat G528gat 
SCAN_ORDER 
PO_ORDER test_so G545gat G1581gat G1901gat G2223gat G2548gat G2877gat G3211gat G3552gat G3895gat G4241gat G4591gat G4946gat G5308gat G5672gat G5971gat G6123gat G6150gat G6160gat G6170gat G6180gat G6190gat G6200gat G6210gat G6220gat G6230gat G6240gat G6250gat G6260gat G6270gat G6280gat G6287gat G6288gat 
BASIC_SCAN 64

pattern_1
pPI1 01110111111110011100011110101101
pPO1 LHLHLLLLLHHLHLLLHLLLLHLHHLLLHHLH

pattern_2
pPI1 11101111110001001101101101111101
pPO1 HLHHLLHLLHHLHLLLLLLLHLHHLHLHHLLL

pattern_3
pPI1 01110110000011101111111100000011
pPO1 LHLLHLLHHLHHHHHLLHLLLLHHLLHLHLLH

pattern_4
pPI1 01100110110011101111111000001111
pPO1 LHLHHLLHHHHHHLHHLLLHLHHLLLHHLHLH

pattern_5
pPI1 11010010101011101111111100001101
pPO1 HLHLHHLHHLHLLHHLLLLHHLLLHLLLHLLH

pattern_6
pPI1 11001111011110111100011100111011
pPO1 HLLHHHHLHLHLLLLHLHHHHLHLLLLLLLHH

pattern_7
pPI1 01101011010110110000000000001100
pPO1 LLLLLLLLLLLLLHLLLLLHLLLLHLLHLHLL

pattern_8
pPI1 01110111011001101111110000100010
pPO1 LHLLHLLHLLHHLLLHLLLLHHHLHHLHHLLL

pattern_9
pPI1 00010111101101101111110001001010
pPO1 LLLHHLLLLLHHHLHLHHHHLLHLHHLLLHLL

pattern_10
pPI1 10101110110011101111111001001000
pPO1 HHLHLLLLHLLLLLLHHHHLHLHLLLLHLLLL

pattern_11
pPI1 01110111111101111101001111000100
pPO1 LHLHHHLHHHLHLLHHHHLHLLLHHLLLLHLL

pattern_12
pPI1 11111101111110111100011011011110
pPO1 HLHHHLHHHHLHLLHLHHHLHLHHHHLHLHLH

pattern_13
pPI1 01010111100001101111000011100010
pPO1 LHHLHHLHLHLLLHLHHLHHLHLLHHLHHLLL

pattern_14
pPI1 10001010110101101111101011001010
pPO1 HHHHLLLLLHHLHLLLHHLLHHHHLHLLLHLL

pattern_15
pPI1 11001010110111111111111111011111
pPO1 HLHHLHLHLLLHHHLHLLHLLHHLHHHLHHHH

pattern_16
pPI1 01000101111100011110010001001000
pPO1 LHHHLHLHHLHLLLHLHHHHLHLLLHLHLLLL

pattern_17
pPI1 10011001011111111101000001000101
pPO1 HHLLHLLHLHLLLLHHHHHLLHLLHLLLLHHL

pattern_18
pPI1 11001101110101101111110010101010
pPO1 HLHHLLLLLLLLHHHHLLHHHLHHHHLLLHLL

pattern_19
pPI1 10111100111011111100111100110000
pPO1 HHHLLHHHLHLHLLLHHLLLLLLHLLHHLLLL

pattern_20
pPI1 01101101101010111111101110010000
pPO1 LHLHLLLHHHHHLLLHHLHHHHLLLLLHLLLL

pattern_21
pPI1 00010111011111111100111001100010
pPO1 LLLHHHLLLHLLHHHHHLHLLHLLLHHLLLLH

pattern_22
pPI1 10111010111111110110101111111110
pPO1 LHHHHHLHLHLHHLLHLLHLLLLHHHHHHHLH

pattern_23
pPI1 11101010101111111101110101101110
pPO1 HLHHLLLHLLLHLHLLHHHHHHHLHLHLHHLH

pattern_24
pPI1 10110011111110101111101100111110
pPO1 HHLLHLLHHHHHHHLHLHLHHHLHLHHHLHLL

pattern_25
pPI1 01000000000000110100001100101011
pPO1 LLHLLLLHHLLHLHLLHHLLHLLHHHHHHLHL

pattern_26
pPI1 10111000110111110101011101101110
pPO1 LHLLLLLHLHHLLHHHLLHLLHLHLLHLHHLH

pattern_27
pPI1 00011010111011011101110010101000
pPO1 LLLHLLHLHLLHHHHLLLHLHHLLHHHHLLLL

pattern_28
pPI1 11100010000000111110011001010101
pPO1 HLLLHLLHLHLLLLLHLLHHHHHHHHHHHHLH

pattern_29
pPI1 01111111111110101110110100001000
pPO1 LHLLHLLHLHHHHHHLLLHLLLHLLHHLLLLL

pattern_30
pPI1 00100011111110111100010110101000
pPO1 LLHHLLHHHLHHLLLHHLLHLHHHLHLLHLLL

pattern_31
pPI1 10001111100111111101010000010011
pPO1 HHLHHHHLHHLLLLHLLHHHLHHLHHLLLLHH

pattern_32
pPI1 01111010111010011001110010110100
pPO1 LHHHLHHHHLLHHHLLHLHHHHLHLHLHHLLL

pattern_33
pPI1 01001111111111111101111111111111
pPO1 LHHLLLHLLLLLLLLLHLHHLHHHHHHHHHHH

pattern_34
pPI1 01001111100000011100100000010100
pPO1 LHHLHHHHLLHLHHHLHHHLHLHLLLHLHLLL

pattern_35
pPI1 00111001110110010111000000111001
pPO1 LLLHLLLHLHLLHLLHHHLHHLHHLHHHHLLH

pattern_36
pPI1 10011111001111111101100000100010
pPO1 HHLLLLHLLHLLHLHHLLHHLLHLHHLLLLLH

pattern_37
pPI1 01111111111001101101101010110010
pPO1 LHLHLLHLHLHHHLHLLLHHLHHLHHHHHLLL

pattern_38
pPI1 01011110100100111111000000101011
pPO1 LHHLLHLLLHHLHLHHLLHLLHHHLHHLLHHL

pattern_39
pPI1 00110111010010011100000100010001
pPO1 LLHLLLHHLHHHLLLHLLLHHLHLLHHHLLLH

pattern_40
pPI1 00101111001111001101001001000000
pPO1 LLHHHHHLHHLLLLHHHHLHLLLHLLLLLLLL

pattern_41
pPI1 00101110000000111000110101010101
pPO1 LLHLHHLLLLLHHLLLLHLLHLHLLLLLLLHL

pattern_42
pPI1 01111001101000110110000000000111
pPO1 LLHLHHLHHLLLLHHHLHHHLHHHLLHHLHHL

pattern_43
pPI1 01111110101001011110000000101010
pPO1 LHLLHHHLLHHHHLHHHLLLHLHLLHHLHHLL

pattern_44
pPI1 00101111010111111110000000101000
pPO1 LLHHLHLHLLHHLHHHHLLLLHLHHHLLHLLL

pattern_45
pPI1 00110001111010011100001010001000
pPO1 LLHLLHLHHLHLHHHHHHHLHHLLLHLHLLLL

pattern_46
pPI1 00011110000000110110010101010101
pPO1 LLLLHLHHHLHHHHHLLLHHLLHLLLLLLLHL

pattern_47
pPI1 00000110000000110001101010101011
pPO1 LLLLLLLLHLLLLLLLLHLLHLHLLLLLLHHL

pattern_48
pPI1 00001111100111011100000001101111
pPO1 LLLLHLHHHLHHLLHHLHHHLHLHLHLLHHHL

pattern_49
pPI1 10000101011100111100101000011000
pPO1 HHLLHHLLLHHLHLLLLHLLLHLHHHLLHLLL

pattern_50
pPI1 01101110101110011100101010000010
pPO1 LHLLLLHLHHLLLLLLLHHHLHLLLLLHLHLL

pattern_51
pPI1 11111110111011101101101100111010
pPO1 HLHLLHLHHLHHHLHHHHHLHLHLHHLHLHLL

pattern_52
pPI1 00010111111111111110111111101010
pPO1 LLLHHLHHLLLLLLHHLHHHLHHHHHHLHLLH

pattern_53
pPI1 00010011111010100010101010011000
pPO1 LLLLLHLHHLHLHLHLHHHHLHLHLLLHLLLL

pattern_54
pPI1 00001111111110111011001111100100
pPO1 LLLLHHLLHHLLLHHHLLLLHLHHLHLLLHLL

pattern_55
pPI1 00011111111111111100100010101010
pPO1 LLLHLHHLHHHLHLHLLLLLHLLLHLHLHLLH

pattern_56
pPI1 00000111111111110101000100101001
pPO1 LLLLLLHHLHHHLHHLHHHLHHHLLLHLHLHL

pattern_57
pPI1 00111111111101101111001100110011
pPO1 LLHLLLHHLLHHHLHLHHHLHLLHHLLHHLLH

pattern_58
pPI1 11001101110011110110100110000010
pPO1 LHLLLHHHHLHHHHLLHHHHLHHLLHHHHHLL

pattern_59
pPI1 10011101110111111101011011001111
pPO1 HHLLHLHLHLLLHLHHHLLHHLHLHHHHLHHH

pattern_60
pPI1 10100101010101011010000010110000
pPO1 HLLHHHLLLHHLHHLHHLHHLHLHLLLHLLLL

pattern_61
pPI1 01111111111001100100011010000111
pPO1 LLHHHHLLHLHHLLLLLHHHLLLHHHLHHLLH

pattern_62
pPI1 01100100101110001110000000000000
pPO1 LHLHLLLLLLHHLLHHLLLLLLLLLLLLLLLL

pattern_63
pPI1 10000001001111010111111100010111
pPO1 LHHHHHHHHHHHLHHHHHHHLLLHHHLHLHHL

pattern_64
pPI1 11111111111111111000000011101000
pPO1 HHHHHHHHLLLHLHHHLLLLLLLLHHHLHLLL
==========
/c6288.script 15> exit
#  Goodbye
#  Runtime        real 1.776e+09 s        user 0.9399 s        sys 0.02417 s
#  Memory         peak 0 MB
