#  ==========================================================================
#
#                                   FAN ATPG
#
#                Copyright(c) Laboratory of Dependable Systems,
#                Graduate Institute of Electronics Engineering,
#                          National Taiwan University
#                             All Rights Reserved.
#
#  ==========================================================================
#
#  Kernel:   Darwin
#  Platform: UNKNOWN
#  Memory:   UNKNOWN
#
/multiplier.script 1> read_lib FTL/04_Phase4_ATPG/lib/mod_nangate45_plus_ftl_dirL_subset.mdt
#  Reading technology library ...
fishy ...
#  Finished reading library `FTL/04_Phase4_ATPG/lib/mod_nangate45_plus_ftl_dirL_subset.mdt'    1.77602e+09 s    0 MB
/multiplier.script 2> read_netlist FTL/04_Phase4_ATPG/netlists/dirL0/multiplier_mixed_SYN.v
#  Reading netlist ...
/multiplier.script 3> report_netlist
/multiplier.script 4> build_circuit --frame 1
/multiplier.script 5> report_circuit
/multiplier.script 6> set_fault_type saf
#  fault type set to stuck-at fault
/multiplier.script 7> add_fault --all
/multiplier.script 8> set_static_compression on
#  static compression set to on
/multiplier.script 9> set_dynamic_compression on
#  dynamic compression set to on
/multiplier.script 10> set_X-Fill on
#  X-Fill set to on
/multiplier.script 11> run_atpg
/multiplier.script 12> report_statistics > FTL/04_Phase4_ATPG/results/dirL0/multiplier/multiplier.rpt
/multiplier.script 13> write_pattern FTL/04_Phase4_ATPG/results/dirL0/multiplier/multiplier.pat
/multiplier.script 14> write_to_STIL FTL/04_Phase4_ATPG/results/dirL0/multiplier/multiplier.stil
/multiplier.script 15> exit
#  Goodbye
#  Runtime        real 1.77602e+09 s        user 0.060896 s        sys 0.012216 s
#  Memory         peak 0 MB
