#  ==========================================================================
#
#                                   FAN ATPG
#
#                Copyright(c) Laboratory of Dependable Systems,
#                Graduate Institute of Electronics Engineering,
#                          National Taiwan University
#                             All Rights Reserved.
#
#  ==========================================================================
#
#  Kernel:   Darwin
#  Platform: UNKNOWN
#  Memory:   UNKNOWN
#
/fftmain_read.script 1> read_lib FTL/04_Phase4_ATPG/lib/mod_nangate45_plus_ftl_dirL_subset.mdt
#  Reading technology library ...
fishy ...
#  Finished reading library `FTL/04_Phase4_ATPG/lib/mod_nangate45_plus_ftl_dirL_subset.mdt'    1.77604e+09 s    0 MB
/fftmain_read.script 2> read_netlist FTL/04_Phase4_ATPG/netlists/dirL11/fftmain_mixed_SYN.v
#  Reading netlist ...
#  Finished reading netlist `FTL/04_Phase4_ATPG/netlists/dirL11/fftmain_mixed_SYN.v'    1.77604e+09 s    0 MB
/fftmain_read.script 3> report_netlist
#  netlist information
#    number of modules: 1
#    modules:           fftmain_mixed
#    current module:    fftmain_mixed
#    number of ports:   1598
#    number of cells:   1029
#    number of nets:    1913
/fftmain_read.script 4> exit
#  Goodbye
#  Runtime        real 1.77604e+09 s        user 0.038731 s        sys 0.008294 s
#  Memory         peak 0 MB
