#  ==========================================================================
#
#                                   FAN ATPG
#
#                Copyright(c) Laboratory of Dependable Systems,
#                Graduate Institute of Electronics Engineering,
#                          National Taiwan University
#                             All Rights Reserved.
#
#  ==========================================================================
#
#  Kernel:   Darwin
#  Platform: UNKNOWN
#  Memory:   UNKNOWN
#
/c1908.script 1> read_lib FTL/04_Phase4_ATPG/lib/mod_nangate45_plus_ftl_dirL_subset.mdt
#  Reading technology library ...
fishy ...
#  Finished reading library `FTL/04_Phase4_ATPG/lib/mod_nangate45_plus_ftl_dirL_subset.mdt'    1.77602e+09 s    0 MB
/c1908.script 2> read_netlist FTL/04_Phase4_ATPG/netlists/dirL0/c1908_mixed_SYN.v
#  Reading netlist ...
#  Finished reading netlist `FTL/04_Phase4_ATPG/netlists/dirL0/c1908_mixed_SYN.v'    1.77602e+09 s    0 MB
/c1908.script 3> report_netlist
#  netlist information
#    number of modules: 1
#    modules:           c1908_mixed
#    current module:    c1908_mixed
#    number of ports:   58
#    number of cells:   222
#    number of nets:    255
/c1908.script 4> build_circuit --frame 1
#  Building circuit ...
#  Finished building circuit    1.77602e+09 s    0 MB
/c1908.script 5> report_circuit
#  circuit information
#    netlist:         c1908_mixed
#    number of PIs:   33
#    number of PPIs:  0
#    number of POs:   25
#    number of combs: 400
#    number of gates: 458
#    number of nets:  699
/c1908.script 6> set_fault_type saf
#  fault type set to stuck-at fault
/c1908.script 7> add_fault --all
#  Building fault list ...
#  Finished building fault list    1.77602e+09 s    0 MB
/c1908.script 8> set_static_compression on
#  static compression set to on
/c1908.script 9> set_dynamic_compression on
#  dynamic compression set to on
/c1908.script 10> set_X-Fill on
#  X-Fill set to on
/c1908.script 11> run_atpg
#  Performing pattern generation ...
#  Finished pattern generation    1.77602e+09 s    0 MB
/c1908.script 12> report_statistics > FTL/04_Phase4_ATPG/results/dirL0/c1908/c1908.rpt
/c1908.script 13> write_pattern FTL/04_Phase4_ATPG/results/dirL0/c1908/c1908.pat
#  Writing pattern to `FTL/04_Phase4_ATPG/results/dirL0/c1908/c1908.pat' ...
/c1908.script 14> write_to_STIL FTL/04_Phase4_ATPG/results/dirL0/c1908/c1908.stil
#  Writing pattern to STIL...
==========
PI_ORDER CK test_si test_se G101 G104 G107 G110 G113 G116 G119 G122 G125 G128 G131 G134 G137 G140 G143 G146 G210 G214 G217 G221 G224 G227 G234 G237 G469 G472 G475 G478 G898 G900 G902 G952 G953 
SCAN_ORDER 
PO_ORDER test_so G3 G6 G9 G12 G30 G45 G48 G15 G18 G21 G24 G27 G33 G36 G39 G42 G75 G51 G54 G60 G63 G66 G69 G72 G57 
BASIC_SCAN 54

pattern_1
pPI1 011101101000100110100010110100110
pPO1 LHHHHLHLHHLHLLHLHLLHLLLHL

pattern_2
pPI1 001110100100100110000100111100110
pPO1 LLHHHHHHLHLLLLHLHHHHHHHHH

pattern_3
pPI1 101100101000100010101100001011110
pPO1 HLHHLLLLLHLLLLHLHHHLHHHLL

pattern_4
pPI1 100011000101101110001010111110110
pPO1 HLLLHLHHHLLLLHHLHLHLHHLHL

pattern_5
pPI1 000111000100001011001100011101010
pPO1 LLLHHHLHHLLLLLLLHLLHHLLHH

pattern_6
pPI1 011000000010000011001100011001010
pPO1 LHHLLLLLHLLLHLLLHHLHHLLLL

pattern_7
pPI1 000111001010100111001100010101010
pPO1 LLLHLLHHHLLHLLHLHLHHHLLLL

pattern_8
pPI1 000111000000000111011110010101010
pPO1 LLLHLLLHHLLLLLLLHHHHHHLHL

pattern_9
pPI1 001110110101000011000010100000110
pPO1 LLHHHLLHLHHLLHLLLLLHLHLHH

pattern_10
pPI1 110001000100000111001000011001000
pPO1 HHLLHLHLHLLLLLLLHLLHLLLHH

pattern_11
pPI1 101101000010001110001100000101010
pPO1 HHHHLHHLHLLLHLLLHHHHHLLLL

pattern_12
pPI1 010101000000000111011010001001010
pPO1 LHLHHLHLHLLLLLLLHHHHHHLHH

pattern_13
pPI1 000111001000101111000100001001010
pPO1 LLLHLHHHHLLHLLHLHLHHLLLHL

pattern_14
pPI1 011000000010000011001100001101010
pPO1 LHHLLLLLLLLLHLLLHHLHHLHLL

pattern_15
pPI1 111110001000000111101100011101010
pPO1 HHHHLLHHLLLHLLLLHLLHHHLHL

pattern_16
pPI1 010101001100001111011110001101010
pPO1 LHLHHHHLHLLHLLLLLLLHHHLHH

pattern_17
pPI1 100010011000000011011111001101010
pPO1 HLLLLLLHLLHHLLLLLHLHHLLLL

pattern_18
pPI1 010001000000001111001100010001000
pPO1 LHLLLHHLHLLLLLLLLHLLLHHHL

pattern_19
pPI1 110101000000000111011110000101000
pPO1 HHLHLLHLHLLLLLLLLLHHHHHLL

pattern_20
pPI1 000111000010001111111110000101010
pPO1 LLLHLHHHHLLLHLLHHLHHHHLHL

pattern_21
pPI1 111111011100001111011100011101010
pPO1 HHHHHHHHHLHHLLLLHLLHHLLHH

pattern_22
pPI1 000110010000100011011100011101010
pPO1 LLLHLLLHLLHLLLHLLLHHHLLLH

pattern_23
pPI1 111111011100001111001100010001010
pPO1 HHHHHHHHHLHHLLLLLLLHHLLHH

pattern_24
pPI1 111101000010001111001100000101010
pPO1 HHHHLHHLHLLLHLLLHLLHHLLLL

pattern_25
pPI1 011001001000000111011110001101011
pPO1 LHHLLLHLHLLHLLLLHHHHLLHHL

pattern_26
pPI1 010101000000001111111110011101010
pPO1 LHLHLHHLHLLLLLLLLLHLHHLHL

pattern_27
pPI1 100011000000000011010010001101010
pPO1 HLLLLLLHHLLLLLLLLHHLHHLHL

pattern_28
pPI1 000101000000101110001100001101010
pPO1 LLLHLHHLHLLLLLHLLHHLLHHLH

pattern_29
pPI1 010101000000000111001100010001010
pPO1 LHLHLLHLHLHLLLLLHHLHHLHLH

pattern_30
pPI1 010101000000000111001100010101010
pPO1 LHLHLLHLHLLLLLLLLHLHHLLLH

pattern_31
pPI1 010101000000000111001100000001010
pPO1 LHLHLLHLHLLLLLLLLHLHHLLLH

pattern_32
pPI1 110101000000000111001100011101010
pPO1 HHLHLLHLHLLLLLLLLLHHHLHLL

pattern_33
pPI1 010001001000000011110010001101010
pPO1 LHHLLLLLHLLHLLLLHHHHLLLLL

pattern_34
pPI1 001001000000000010101010100011110
pPO1 LLHHLLLLHLLLLLLLHLLLHHLHL

pattern_35
pPI1 111001000000000111010010010001010
pPO1 HHHLLLHHHLLLLLLLHHLHLLLLL

pattern_36
pPI1 100011001000010111101100011001010
pPO1 HLLLLLHHHLLHLLLHHLLHHHLLH

pattern_37
pPI1 101011111010100110011111011101010
pPO1 HLHLLLHHHHHHHLHLLHLHHHHHH

pattern_38
pPI1 110001000000000000001100010100011
pPO1 HHLLLLLLHLLLLLLLHHLHHLHHL

pattern_39
pPI1 101110000000000011101101001101010
pPO1 HLHHLLLHLLLLLLLLHHLHHHHHL

pattern_40
pPI1 011011010000000000100110110001101
pPO1 LHHLLLLHHLHLLLLLHLLLLLHHL

pattern_41
pPI1 100001001011001000001110110101110
pPO1 HLLLLHLLHLLHHLLLHHLHLHHLL

pattern_42
pPI1 100001001001000000100111110010101
pPO1 HLLLLLLLHLLHLHLLHLLLLLLHL

pattern_43
pPI1 100001001010000000100101110000111
pPO1 HLLLLLLLHLLHHLHLHHHLHLHHL

pattern_44
pPI1 101100101000100001110110100010011
pPO1 HLHHLLLLLHLHLLHLHHLHHLLHH

pattern_45
pPI1 101111110000000010101101010101010
pPO1 HLHHLLLHHLHLLLLLHLLLHLHHL

pattern_46
pPI1 000010001010000000101100001001110
pPO1 LLLLLLLHLLLHHLLLLHLHLHLHL

pattern_47
pPI1 001001011010100001000110010010110
pPO1 LLHLLLLLHLHHHLHLLLLLHLLLH

pattern_48
pPI1 111001010010010111011001001101010
pPO1 HHHLLLHLHLHLHLLHLHLHHLLLL

pattern_49
pPI1 100001000000000010001010110000111
pPO1 LLLLLLLLHLLLLLLLHHLLHLHHH

pattern_50
pPI1 100001000000000010001000110011101
pPO1 HLLLLLLLHLLLLLLLHLLLLLHLL

pattern_51
pPI1 110101000000000111001101011101010
pPO1 HHLHLLHLHLLLLLLLLLHLHLHLH

pattern_52
pPI1 110001001000001111011010010101010
pPO1 HHLLLHHLHLLHLLLLLHLHLHLLH

pattern_53
pPI1 110001010100000111001100000001010
pPO1 HHLLHLHLHLHLLLLLLHHLHLHHH

pattern_54
pPI1 000001100000001110011010000000110
pPO1 LLLLLHHLHHLLLLLLLHLLLHHHH
==========
/c1908.script 15> exit
#  Goodbye
#  Runtime        real 1.776e+09 s        user 0.06411 s        sys 0.01152 s
#  Memory         peak 0 MB
