#                 Statistics Report
#  Circuit name                          b21_C_mixed
#  Fault model                                   SAF
#  Pattern type                                BASIC
#  -------------------------------------------------
#  Fault classes                             #faults
#  ----------------------------  -------------------
#    FU (full)                                 59514
#    FU (collapsed)                            39281
#    --------------------------  -------------------
#    UD (undetected)                               0
#    PT (possibly testable)                        0
#    AU (atpg untestable)                          1
#    RE (redundant)                                0
#    AB (atpg abort)                              21
#    TI (tied)                                     0
#    --------------------------  -------------------
#    DT (detected)                             59492
#  -------------------------------------------------
#  Coverage                               percentage
#    --------------------------  -------------------
#    test coverage                            99.96%
#    fault coverage                           99.96%
#    atpg effectiveness                       99.96%
#  -------------------------------------------------
#  #Patterns                                     361
#  -------------------------------------------------
#  ATPG runtime                          1.776e+09 s
#  -------------------------------------------------
