#                 Statistics Report
#  Circuit name                     multiplier_mixed
#  Fault model                                   SAF
#  Pattern type                                BASIC
#  -------------------------------------------------
#  Fault classes                             #faults
#  ----------------------------  -------------------
#    FU (full)                                 62220
#    FU (collapsed)                            44258
#    --------------------------  -------------------
#    UD (undetected)                               0
#    PT (possibly testable)                        0
#    AU (atpg untestable)                       1554
#    RE (redundant)                                0
#    AB (atpg abort)                              12
#    TI (tied)                                     0
#    --------------------------  -------------------
#    DT (detected)                             60654
#  -------------------------------------------------
#  Coverage                               percentage
#    --------------------------  -------------------
#    test coverage                            99.98%
#    fault coverage                           97.48%
#    atpg effectiveness                       99.98%
#  -------------------------------------------------
#  #Patterns                                      92
#  -------------------------------------------------
#  ATPG runtime                          1.776e+09 s
#  -------------------------------------------------
