#                 Statistics Report
#  Circuit name                          b15_C_mixed
#  Fault model                                   SAF
#  Pattern type                                BASIC
#  -------------------------------------------------
#  Fault classes                             #faults
#  ----------------------------  -------------------
#    FU (full)                                 50630
#    FU (collapsed)                            32783
#    --------------------------  -------------------
#    UD (undetected)                               0
#    PT (possibly testable)                        0
#    AU (atpg untestable)                          1
#    RE (redundant)                                0
#    AB (atpg abort)                               8
#    TI (tied)                                     0
#    --------------------------  -------------------
#    DT (detected)                             50621
#  -------------------------------------------------
#  Coverage                               percentage
#    --------------------------  -------------------
#    test coverage                            99.98%
#    fault coverage                           99.98%
#    atpg effectiveness                       99.98%
#  -------------------------------------------------
#  #Patterns                                     406
#  -------------------------------------------------
#  ATPG runtime                          1.776e+09 s
#  -------------------------------------------------
