#  ==========================================================================
#
#                                   FAN ATPG
#
#                Copyright(c) Laboratory of Dependable Systems,
#                Graduate Institute of Electronics Engineering,
#                          National Taiwan University
#                             All Rights Reserved.
#
#  ==========================================================================
#
#  Kernel:   Darwin
#  Platform: UNKNOWN
#  Memory:   UNKNOWN
#
/c1908.script 1> read_lib FTL/04_Phase4_ATPG/lib/mod_nangate45_plus_ftl_dirL_subset.mdt
#  Reading technology library ...
fishy ...
#  Finished reading library `FTL/04_Phase4_ATPG/lib/mod_nangate45_plus_ftl_dirL_subset.mdt'    1.77602e+09 s    0 MB
/c1908.script 2> read_netlist FTL/04_Phase4_ATPG/netlists/dirL7/c1908_mixed_SYN.v
#  Reading netlist ...
#  Finished reading netlist `FTL/04_Phase4_ATPG/netlists/dirL7/c1908_mixed_SYN.v'    1.77602e+09 s    0 MB
/c1908.script 3> report_netlist
#  netlist information
#    number of modules: 1
#    modules:           c1908_mixed
#    current module:    c1908_mixed
#    number of ports:   58
#    number of cells:   219
#    number of nets:    252
/c1908.script 4> build_circuit --frame 1
#  Building circuit ...
#  Finished building circuit    1.77602e+09 s    0 MB
/c1908.script 5> report_circuit
#  circuit information
#    netlist:         c1908_mixed
#    number of PIs:   33
#    number of PPIs:  0
#    number of POs:   25
#    number of combs: 392
#    number of gates: 450
#    number of nets:  691
/c1908.script 6> set_fault_type saf
#  fault type set to stuck-at fault
/c1908.script 7> add_fault --all
#  Building fault list ...
#  Finished building fault list    1.77602e+09 s    0 MB
/c1908.script 8> set_static_compression on
#  static compression set to on
/c1908.script 9> set_dynamic_compression on
#  dynamic compression set to on
/c1908.script 10> set_X-Fill on
#  X-Fill set to on
/c1908.script 11> run_atpg
#  Performing pattern generation ...
#  Finished pattern generation    1.77602e+09 s    0 MB
/c1908.script 12> report_statistics > FTL/04_Phase4_ATPG/results/dirL7/c1908/c1908.rpt
/c1908.script 13> write_pattern FTL/04_Phase4_ATPG/results/dirL7/c1908/c1908.pat
#  Writing pattern to `FTL/04_Phase4_ATPG/results/dirL7/c1908/c1908.pat' ...
/c1908.script 14> write_to_STIL FTL/04_Phase4_ATPG/results/dirL7/c1908/c1908.stil
#  Writing pattern to STIL...
==========
PI_ORDER CK test_si test_se G101 G104 G107 G110 G113 G116 G119 G122 G125 G128 G131 G134 G137 G140 G143 G146 G210 G214 G217 G221 G224 G227 G234 G237 G469 G472 G475 G478 G898 G900 G902 G952 G953 
SCAN_ORDER 
PO_ORDER test_so G3 G6 G9 G12 G30 G45 G48 G15 G18 G21 G24 G27 G33 G36 G39 G42 G75 G51 G54 G60 G63 G66 G69 G72 G57 
BASIC_SCAN 62

pattern_1
pPI1 001100100100100101000000110001001
pPO1 LLHHHLHLLHLLLLHLHLLLLLHHL

pattern_2
pPI1 011001110101000010110011000110100
pPO1 LHHLHLLLHHHLLHLLLLLLLHLHL

pattern_3
pPI1 010100111100100110100010110100110
pPO1 LHLHLLHLLHHHLLHLHLLLLHHLL

pattern_4
pPI1 000100000000000110101010111010110
pPO1 LLLHLLLLLLLLLLLLHLHLHHLHH

pattern_5
pPI1 010000000101000010101100111011110
pPO1 LHLLHLHLLLLLLHLLHLHLLLLLL

pattern_6
pPI1 010001000101001000001110111001110
pPO1 LHLLHHLLHLLLHHLLHHLHLHHHH

pattern_7
pPI1 000001111000011011101100101101010
pPO1 LLLLLHLLHHHHLLLHHLHHHHLLL

pattern_8
pPI1 101101011110001011101100110101010
pPO1 HLHHHHLHHLHHHLLLHHHHHHHHL

pattern_9
pPI1 000000011100001111101000011001010
pPO1 LLLLHHHLLLHHLHLLHLHHHHLLL

pattern_10
pPI1 000101011100100111011111101101010
pPO1 LLLHHLHLHLHHLLHLLHHHHLLHL

pattern_11
pPI1 100110010101010111101100001101010
pPO1 HLLLHLHHLLHLLHLHHHHHHLLHL

pattern_12
pPI1 100000010101011111100100000001010
pPO1 HHLLHHHLLLHLLHLHHHHHLHLLL

pattern_13
pPI1 000001111101011011011110011001010
pPO1 LLLLLHLLHHHHLHLHHHHHHHLHL

pattern_14
pPI1 010010000101001010111111100001010
pPO1 LHLLHHLHLLLLLHLLLHHHLLHLL

pattern_15
pPI1 000101010000011111101100001101010
pPO1 LLLHLHHLHLHLLLLHHLHHHHLLL

pattern_16
pPI1 011100001001001111101100101101010
pPO1 LHHHLHHLLLLHLHLLHHHHHHLHL

pattern_17
pPI1 001010010000010011100100000101010
pPO1 LLLLLLLHLLHLLLLHHHHLLHHLL

pattern_18
pPI1 010101000110111011011010111101010
pPO1 LHLHHHLLHLLLHLHHLLHHHHLLL

pattern_19
pPI1 101101010110011011101000101001010
pPO1 HLHHHHLLHLHLHLLHHLHHHHLHL

pattern_20
pPI1 100010010110001011101100100101010
pPO1 HLLLHHLHLLHLHLLLHLHHHHLLL

pattern_21
pPI1 010101001101000011111100101101010
pPO1 LHLHHLLLHLLHLHLLHLHHHHLLL

pattern_22
pPI1 101101011110001011111100101101010
pPO1 HLHHHHLLHLHHHLLLLHHHHHLHL

pattern_23
pPI1 100100011100101111111100001101010
pPO1 HLLHHHHLLLHHLLHLLLHHHHLLL

pattern_24
pPI1 111011000101001011101101101101010
pPO1 HHHLHHLHHLLLLHLLLLHHHHLLL

pattern_25
pPI1 100010010111010111101100000101010
pPO1 HLLLHLHHLLHLHHLHLLHLHHLLH

pattern_26
pPI1 000000011100010010101101001001010
pPO1 HLLLHLLLLLHHLLLHHLHHLHHLH

pattern_27
pPI1 000000011100010010101101001001000
pPO1 LLLLHLLLLLHHLLLHLLHHLHLLH

pattern_28
pPI1 111101001111010011111110000101010
pPO1 HHHHHLLLHLLHHHLLHLHHHHLHL

pattern_29
pPI1 000000011100011001110110001110011
pPO1 LLLLHHLLLLHHLLLHHLHLHHHHL

pattern_30
pPI1 000010010101001111101110010101010
pPO1 LLLLHHHHLLHLHHLLHLHHHLHLL

pattern_31
pPI1 000100000101001010011110001001010
pPO1 LLLHHHLLLLLLLHLLLLHHHHLLL

pattern_32
pPI1 100100010100010010100101010101010
pPO1 HLLHHLLLLLHLLLLHLLHLLHLHL

pattern_33
pPI1 000010010101010111001110000001010
pPO1 LLLLHLHHLLHLLHLHLHHHHHHHH

pattern_34
pPI1 100010000101010111101110011101010
pPO1 HLLLHLHHLLLLLHLHLHLLHHHHL

pattern_35
pPI1 010001000100011010101101001101010
pPO1 LHLLHHLLHLLLLLHHHHHHHLHHH

pattern_36
pPI1 100110010101000111001110101101010
pPO1 HLLHHLHHLLHLLHLLLHLLHHHLL

pattern_37
pPI1 101101010110011011101000111101010
pPO1 HLHHHHLLHLHLHLLHHLHHHHLHL

pattern_38
pPI1 010001010111000010101101110001010
pPO1 LHLLHLLLHLHLHHLLLHHHLHLLL

pattern_39
pPI1 110010011101010111100100100101000
pPO1 HHLLHLHHLLHHLHLHLHHHHLHLL

pattern_40
pPI1 000010010101010111101000011001010
pPO1 LLLLHLHHLLHLLHLHLHLHHHHHH

pattern_41
pPI1 000010010101010111101000010101010
pPO1 LLLLHLHHLLHLLHLHLHLHHHHHH

pattern_42
pPI1 100010010111011111101100011001010
pPO1 HLLLHHHHLLHLHHLHLHLHLHLHL

pattern_43
pPI1 000000110100000011100100011101010
pPO1 LLLLHLLLLHHLLLLLLHLLLLHLH

pattern_44
pPI1 100110010100001111010110011001010
pPO1 HLLHHHHHHLHLLLLLHHLHHLLLL

pattern_45
pPI1 010001000110001011101101101101010
pPO1 LHLLHHLLHLLLHLLLHHHHHHHLL

pattern_46
pPI1 000110100000010110000110111110111
pPO1 LLLHLHHHLHLLLLLHHHLLHLHHL

pattern_47
pPI1 010000000100001010000110111111101
pPO1 LHLLHHLLLLLLLLLLHLLLLLHHL

pattern_48
pPI1 011011010100000001011110000000110
pPO1 LHHLHLLHHLHLLLLLLHLLLLLLH

pattern_49
pPI1 100010110101101110111111010001010
pPO1 HLLLHHHHLHHLLHHLLLHLHHHLL

pattern_50
pPI1 000000010100010011100100011001000
pPO1 LLLLHLLLLLHLLLLHLLHHLLLHL

pattern_51
pPI1 100010010100101001110110010000011
pPO1 HLLLHHLHLLHLLLHLHHLHHLHHH

pattern_52
pPI1 100000110110000011111110010101010
pPO1 HLLLHLLLLHHHHLLLHHLHHHLLH

pattern_53
pPI1 000000010100000011101100001101010
pPO1 LLLLHLLLLLLLLLLLHHLLLHHLL

pattern_54
pPI1 010000000101100001001110100010110
pPO1 LHLLHLLLLLLLLHHLLHHLLLLLH

pattern_55
pPI1 000001111100010000001111111101000
pPO1 LLLLHLLLHHHHLLLHHLHHHLLLH

pattern_56
pPI1 100001000100010010000111111110111
pPO1 HLLLHLLLHLLLLLLHHHHHLLLHH

pattern_57
pPI1 000011100000000111000100010001010
pPO1 LLLLLLHHHHLLLLLLLLLHHLLLH

pattern_58
pPI1 010001000100001010001010001100111
pPO1 LHLLHHLLHLHLLLLLHHHHLHHHH

pattern_59
pPI1 010001000100001010001010001111101
pPO1 LHLLHHLLHLLLLLLLHLLLLLHLL

pattern_60
pPI1 000000011100000010001101101101010
pPO1 LLLLHHLLLLHHLLLLHLLLLLLLH

pattern_61
pPI1 001100000100101001111000001000010
pPO1 LLHHHHLLLLLLLLHLLHHLHHHLH

pattern_62
pPI1 000000000000000010100000010001110
pPO1 LLLLLLLLLHLLLLLLHHLLLHLHL
==========
/c1908.script 15> exit
#  Goodbye
#  Runtime        real 1.776e+09 s        user 0.06304 s        sys 0.01016 s
#  Memory         peak 0 MB
