#  ==========================================================================
#
#                                   FAN ATPG
#
#                Copyright(c) Laboratory of Dependable Systems,
#                Graduate Institute of Electronics Engineering,
#                          National Taiwan University
#                             All Rights Reserved.
#
#  ==========================================================================
#
#  Kernel:   Darwin
#  Platform: UNKNOWN
#  Memory:   UNKNOWN
#
/fftmain.script 1> read_lib FTL/04_Phase4_ATPG/lib/mod_nangate45_plus_ftl_dirL_subset.mdt
#  Reading technology library ...
fishy ...
#  Finished reading library `FTL/04_Phase4_ATPG/lib/mod_nangate45_plus_ftl_dirL_subset.mdt'    1.77602e+09 s    0 MB
/fftmain.script 2> read_netlist FTL/04_Phase4_ATPG/netlists/dirL5/fftmain_mixed_SYN.v
#  Reading netlist ...
/fftmain.script 3> report_netlist
/fftmain.script 4> build_circuit --frame 1
/fftmain.script 5> report_circuit
/fftmain.script 6> set_fault_type saf
#  fault type set to stuck-at fault
/fftmain.script 7> add_fault --all
/fftmain.script 8> set_static_compression on
#  static compression set to on
/fftmain.script 9> set_dynamic_compression on
#  dynamic compression set to on
/fftmain.script 10> set_X-Fill on
#  X-Fill set to on
/fftmain.script 11> run_atpg
/fftmain.script 12> report_statistics > FTL/04_Phase4_ATPG/results/dirL5/fftmain/fftmain.rpt
/fftmain.script 13> write_pattern FTL/04_Phase4_ATPG/results/dirL5/fftmain/fftmain.pat
/fftmain.script 14> write_to_STIL FTL/04_Phase4_ATPG/results/dirL5/fftmain/fftmain.stil
/fftmain.script 15> exit
#  Goodbye
#  Runtime        real 1.77602e+09 s        user 0.041502 s        sys 0.010032 s
#  Memory         peak 0 MB
